#
# There is insufficient memory for the Java Runtime Environment to continue.
# Native memory allocation (malloc) failed to allocate 998464 bytes for Chunk::new
# Possible reasons:
#   The system is out of physical RAM or swap space
#   The process is running with CompressedOops enabled, and the Java Heap may be blocking the growth of the native heap
# Possible solutions:
#   Reduce memory load on the system
#   Increase physical memory or swap space
#   Check if swap backing store is full
#   Decrease Java heap size (-Xmx/-Xms)
#   Decrease number of Java threads
#   Decrease Java thread stack sizes (-Xss)
#   Set larger code cache with -XX:ReservedCodeCacheSize=
#   JVM is running with Unscaled Compressed Oops mode in which the Java heap is
#     placed in the first 4GB address space. The Java Heap base address is the
#     maximum limit for the native heap growth. Please use -XX:HeapBaseMinAddress
#     to set the Java Heap base and to place the Java Heap above 4GB virtual address.
# This output file may be truncated or incomplete.
#
#  Out of Memory Error (arena.cpp:189), pid=27068, tid=17624
#
# JRE version: OpenJDK Runtime Environment (17.0.6) (build 17.0.6+0-b2043.56-10027231)
# Java VM: OpenJDK 64-Bit Server VM (17.0.6+0-b2043.56-10027231, mixed mode, tiered, compressed oops, compressed class ptrs, g1 gc, windows-amd64)
# No core dump will be written. Minidumps are not enabled by default on client versions of Windows
#

---------------  S U M M A R Y ------------

Command Line: --add-opens=java.base/java.util=ALL-UNNAMED --add-opens=java.base/java.lang=ALL-UNNAMED --add-opens=java.base/java.lang.invoke=ALL-UNNAMED --add-opens=java.prefs/java.util.prefs=ALL-UNNAMED --add-opens=java.base/java.nio.charset=ALL-UNNAMED --add-opens=java.base/java.net=ALL-UNNAMED --add-opens=java.base/java.util.concurrent.atomic=ALL-UNNAMED -Xmx2048m -Dfile.encoding=UTF-8 -Duser.country=US -Duser.language=en -Duser.variant org.gradle.launcher.daemon.bootstrap.GradleDaemon 8.0

Host: 11th Gen Intel(R) Core(TM) i5-11400F @ 2.60GHz, 12 cores, 15G,  Windows 11 , 64 bit Build 22621 (10.0.22621.2506)
Time: Sat Dec  2 22:50:09 2023 Pacific SA Daylight Time elapsed time: 2906.753307 seconds (0d 0h 48m 26s)

---------------  T H R E A D  ---------------

Current thread (0x0000023f7a88ec80):  JavaThread "C2 CompilerThread0" daemon [_thread_in_native, id=17624, stack(0x0000008647900000,0x0000008647a00000)]


Current CompileTask:
C2:2906753 18962       4       org.gradle.internal.snapshot.ChildMap$Entry::handlePath (135 bytes)

Stack: [0x0000008647900000,0x0000008647a00000]
Native frames: (J=compiled Java code, j=interpreted, Vv=VM code, C=native code)
V  [jvm.dll+0x683c9a]
V  [jvm.dll+0x8427a4]
V  [jvm.dll+0x843f9e]
V  [jvm.dll+0x844603]
V  [jvm.dll+0x249b75]
V  [jvm.dll+0xabcac]
V  [jvm.dll+0xac27c]
V  [jvm.dll+0x368857]
V  [jvm.dll+0x1bced2]
V  [jvm.dll+0x21c359]
V  [jvm.dll+0x21b621]
V  [jvm.dll+0x1a4fdd]
V  [jvm.dll+0x22b098]
V  [jvm.dll+0x229159]
V  [jvm.dll+0x7f81ec]
V  [jvm.dll+0x7f274a]
V  [jvm.dll+0x682ad5]
C  [ucrtbase.dll+0x29363]
C  [KERNEL32.DLL+0x1257d]
C  [ntdll.dll+0x5aa58]


---------------  P R O C E S S  ---------------

Threads class SMR info:
_java_thread_list=0x0000023f7eb8bc20, length=87, elements={
0x0000023f6ecd88c0, 0x0000023f79f8e750, 0x0000023f7a83f420, 0x0000023f7a875230,
0x0000023f7a886630, 0x0000023f7a889000, 0x0000023f7a88b8d0, 0x0000023f7a88ec80,
0x0000023f7a89a900, 0x0000023f7a8ab9c0, 0x0000023f7aa34010, 0x0000023f7aa344e0,
0x0000023f7d378a00, 0x0000023f7dcbeb50, 0x0000023f7bedaec0, 0x0000023f7dd6e3a0,
0x0000023f7dd70a20, 0x0000023f7dd70ef0, 0x0000023f7dd6f210, 0x0000023f7dd6e870,
0x0000023f7dd6ed40, 0x0000023f7dd6fbb0, 0x0000023f0f6b88e0, 0x0000023f0f6baa90,
0x0000023f0f6ba0f0, 0x0000023f0f6b9c20, 0x0000023f0f6ba5c0, 0x0000023f0fef7210,
0x0000023f0fefabd0, 0x0000023f0fef93c0, 0x0000023f0fef76e0, 0x0000023f0fef9890,
0x0000023f0fefa700, 0x0000023f0fef6870, 0x0000023f0fef8a20, 0x0000023f1443d990,
0x0000023f14440010, 0x0000023f14442b60, 0x0000023f1443e800, 0x0000023f7d1929e0,
0x0000023f15e32860, 0x0000023f7d193b80, 0x0000023f15e2e500, 0x0000023f184aed70,
0x0000023f14a590f0, 0x0000023f7e074ab0, 0x0000023f7e074110, 0x0000023f147c5880,
0x0000023f15e2f370, 0x0000023f15e336d0, 0x0000023f15e35880, 0x0000023f15e34a10,
0x0000023f15e2f840, 0x0000023f15e33200, 0x0000023f15e2fd10, 0x0000023f15e2e9d0,
0x0000023f15e34540, 0x0000023f15e2eea0, 0x0000023f147c4540, 0x0000023f147c7560,
0x0000023f147c5d50, 0x0000023f184ad560, 0x0000023f184ae8a0, 0x0000023f184ada30,
0x0000023f184adf00, 0x0000023f184ae3d0, 0x0000023f7df37370, 0x0000023f7df34cf0,
0x0000023f7df369d0, 0x0000023f7d194520, 0x0000023f7b95be50, 0x0000023f7d192eb0,
0x0000023f7d193380, 0x0000023f148bb6d0, 0x0000023f148bacb0, 0x0000023f7b95ccc0,
0x0000023f7b95c320, 0x0000023f7b95c7f0, 0x0000023f7b95b980, 0x0000023f7e429100,
0x0000023f7e428c30, 0x0000023f7e429aa0, 0x0000023f7e4295d0, 0x0000023f7e428290,
0x0000023f7e428760, 0x0000023f7eeebff0, 0x0000023f7eeeb650
}

Java Threads: ( => current thread )
  0x0000023f6ecd88c0 JavaThread "main" [_thread_blocked, id=17544, stack(0x0000008646c00000,0x0000008646d00000)]
  0x0000023f79f8e750 JavaThread "Reference Handler" daemon [_thread_blocked, id=13344, stack(0x0000008647300000,0x0000008647400000)]
  0x0000023f7a83f420 JavaThread "Finalizer" daemon [_thread_blocked, id=20504, stack(0x0000008647400000,0x0000008647500000)]
  0x0000023f7a875230 JavaThread "Signal Dispatcher" daemon [_thread_blocked, id=10540, stack(0x0000008647500000,0x0000008647600000)]
  0x0000023f7a886630 JavaThread "Attach Listener" daemon [_thread_blocked, id=28252, stack(0x0000008647600000,0x0000008647700000)]
  0x0000023f7a889000 JavaThread "Service Thread" daemon [_thread_blocked, id=31484, stack(0x0000008647700000,0x0000008647800000)]
  0x0000023f7a88b8d0 JavaThread "Monitor Deflation Thread" daemon [_thread_blocked, id=32320, stack(0x0000008647800000,0x0000008647900000)]
=>0x0000023f7a88ec80 JavaThread "C2 CompilerThread0" daemon [_thread_in_native, id=17624, stack(0x0000008647900000,0x0000008647a00000)]
  0x0000023f7a89a900 JavaThread "C1 CompilerThread0" daemon [_thread_in_native, id=29064, stack(0x0000008647a00000,0x0000008647b00000)]
  0x0000023f7a8ab9c0 JavaThread "Sweeper thread" daemon [_thread_blocked, id=27184, stack(0x0000008647b00000,0x0000008647c00000)]
  0x0000023f7aa34010 JavaThread "Common-Cleaner" daemon [_thread_blocked, id=30736, stack(0x0000008647c00000,0x0000008647d00000)]
  0x0000023f7aa344e0 JavaThread "Notification Thread" daemon [_thread_blocked, id=12280, stack(0x0000008647d00000,0x0000008647e00000)]
  0x0000023f7d378a00 JavaThread "Daemon health stats" [_thread_blocked, id=25416, stack(0x0000008648600000,0x0000008648700000)]
  0x0000023f7dcbeb50 JavaThread "Incoming local TCP Connector on port 58621" [_thread_in_native, id=26448, stack(0x0000008648700000,0x0000008648800000)]
  0x0000023f7bedaec0 JavaThread "Daemon periodic checks" [_thread_blocked, id=7364, stack(0x0000008648800000,0x0000008648900000)]
  0x0000023f7dd6e3a0 JavaThread "Cache worker for journal cache (C:\Users\STR\.gradle\caches\journal-1)" [_thread_blocked, id=29816, stack(0x0000008649600000,0x0000008649700000)]
  0x0000023f7dd70a20 JavaThread "File lock request listener" [_thread_in_native, id=28496, stack(0x0000008649700000,0x0000008649800000)]
  0x0000023f7dd70ef0 JavaThread "Cache worker for file hash cache (C:\Users\STR\.gradle\caches\8.0\fileHashes)" [_thread_blocked, id=13500, stack(0x0000008649800000,0x0000008649900000)]
  0x0000023f7dd6f210 JavaThread "Cache worker for file content cache (C:\Users\STR\.gradle\caches\8.0\fileContent)" [_thread_blocked, id=5136, stack(0x0000008648000000,0x0000008648100000)]
  0x0000023f7dd6e870 JavaThread "File watcher server" daemon [_thread_in_native, id=32456, stack(0x0000008649b00000,0x0000008649c00000)]
  0x0000023f7dd6ed40 JavaThread "File watcher consumer" daemon [_thread_blocked, id=20432, stack(0x0000008649c00000,0x0000008649d00000)]
  0x0000023f7dd6fbb0 JavaThread "Cache worker for execution history cache (C:\Users\STR\.gradle\caches\8.0\executionHistory)" [_thread_blocked, id=23128, stack(0x0000008649f00000,0x000000864a000000)]
  0x0000023f0f6b88e0 JavaThread "jar transforms" [_thread_blocked, id=24944, stack(0x000000864a000000,0x000000864a100000)]
  0x0000023f0f6baa90 JavaThread "jar transforms Thread 2" [_thread_blocked, id=20624, stack(0x000000864a100000,0x000000864a200000)]
  0x0000023f0f6ba0f0 JavaThread "jar transforms Thread 3" [_thread_blocked, id=2876, stack(0x000000864a400000,0x000000864a500000)]
  0x0000023f0f6b9c20 JavaThread "jar transforms Thread 4" [_thread_blocked, id=25440, stack(0x000000864a500000,0x000000864a600000)]
  0x0000023f0f6ba5c0 JavaThread "jar transforms Thread 5" [_thread_blocked, id=32324, stack(0x000000864a700000,0x000000864a800000)]
  0x0000023f0fef7210 JavaThread "jar transforms Thread 6" [_thread_blocked, id=27276, stack(0x0000008652200000,0x0000008652300000)]
  0x0000023f0fefabd0 JavaThread "jar transforms Thread 7" [_thread_blocked, id=19928, stack(0x0000008652300000,0x0000008652400000)]
  0x0000023f0fef93c0 JavaThread "jar transforms Thread 8" [_thread_blocked, id=32228, stack(0x0000008652400000,0x0000008652500000)]
  0x0000023f0fef76e0 JavaThread "jar transforms Thread 9" [_thread_blocked, id=21320, stack(0x0000008652500000,0x0000008652600000)]
  0x0000023f0fef9890 JavaThread "jar transforms Thread 10" [_thread_blocked, id=27264, stack(0x0000008652600000,0x0000008652700000)]
  0x0000023f0fefa700 JavaThread "jar transforms Thread 11" [_thread_blocked, id=19324, stack(0x0000008652700000,0x0000008652800000)]
  0x0000023f0fef6870 JavaThread "jar transforms Thread 12" [_thread_blocked, id=7080, stack(0x0000008652800000,0x0000008652900000)]
  0x0000023f0fef8a20 JavaThread "Memory manager" [_thread_blocked, id=3872, stack(0x0000008652b00000,0x0000008652c00000)]
  0x0000023f1443d990 JavaThread "RMI Scheduler(0)" daemon [_thread_blocked, id=33896, stack(0x0000008648e00000,0x0000008648f00000)]
  0x0000023f14440010 JavaThread "RMI GC Daemon" daemon [_thread_blocked, id=33904, stack(0x000000864b400000,0x000000864b500000)]
  0x0000023f14442b60 JavaThread "RMI TCP Accept-0" daemon [_thread_in_native, id=33936, stack(0x000000864b500000,0x000000864b600000)]
  0x0000023f1443e800 JavaThread "RMI Reaper" [_thread_blocked, id=33940, stack(0x000000864b600000,0x000000864b700000)]
  0x0000023f7d1929e0 JavaThread "ForkJoinPool.commonPool-worker-1" daemon [_thread_blocked, id=34204, stack(0x0000008648f00000,0x0000008649000000)]
  0x0000023f15e32860 JavaThread "ForkJoinPool.commonPool-worker-2" daemon [_thread_blocked, id=34208, stack(0x000000864c500000,0x000000864c600000)]
  0x0000023f7d193b80 JavaThread "ForkJoinPool.commonPool-worker-3" daemon [_thread_blocked, id=34212, stack(0x000000864c600000,0x000000864c700000)]
  0x0000023f15e2e500 JavaThread "ForkJoinPool.commonPool-worker-4" daemon [_thread_blocked, id=34216, stack(0x000000864c700000,0x000000864c800000)]
  0x0000023f184aed70 JavaThread "ForkJoinPool.commonPool-worker-11" daemon [_thread_blocked, id=34244, stack(0x000000864ce00000,0x000000864cf00000)]
  0x0000023f14a590f0 JavaThread "Daemon Thread 4" [_thread_blocked, id=26872, stack(0x0000008646900000,0x0000008646a00000)]
  0x0000023f7e074ab0 JavaThread "Handler for socket connection from /127.0.0.1:58621 to /127.0.0.1:60487" [_thread_in_native, id=31968, stack(0x0000008646a00000,0x0000008646b00000)]
  0x0000023f7e074110 JavaThread "Cancel handler" [_thread_blocked, id=15844, stack(0x0000008646b00000,0x0000008646c00000)]
  0x0000023f147c5880 JavaThread "Daemon worker Thread 4" [_thread_blocked, id=9980, stack(0x0000008647f00000,0x0000008648000000)]
  0x0000023f15e2f370 JavaThread "Asynchronous log dispatcher for DefaultDaemonConnection: socket connection from /127.0.0.1:58621 to /127.0.0.1:60487" [_thread_blocked, id=17332, stack(0x0000008648900000,0x0000008648a00000)]
  0x0000023f15e336d0 JavaThread "Stdin handler" [_thread_blocked, id=23348, stack(0x0000008648a00000,0x0000008648b00000)]
  0x0000023f15e35880 JavaThread "Daemon client event forwarder" [_thread_blocked, id=13936, stack(0x0000008648b00000,0x0000008648c00000)]
  0x0000023f15e34a10 JavaThread "Cache worker for file hash cache (C:\Users\STR\prueba\.gradle\8.0\fileHashes)" [_thread_blocked, id=18808, stack(0x0000008648c00000,0x0000008648d00000)]
  0x0000023f15e2f840 JavaThread "Cache worker for checksums cache (C:\Users\STR\prueba\.gradle\8.0\checksums)" [_thread_blocked, id=32780, stack(0x0000008648d00000,0x0000008648e00000)]
  0x0000023f15e33200 JavaThread "Cache worker for cache directory md-rule (C:\Users\STR\.gradle\caches\8.0\md-rule)" [_thread_blocked, id=27520, stack(0x0000008649a00000,0x0000008649b00000)]
  0x0000023f15e2fd10 JavaThread "Cache worker for cache directory md-supplier (C:\Users\STR\.gradle\caches\8.0\md-supplier)" [_thread_blocked, id=34376, stack(0x0000008649d00000,0x0000008649e00000)]
  0x0000023f15e2e9d0 JavaThread "build event listener" [_thread_blocked, id=33472, stack(0x000000864a200000,0x000000864a300000)]
  0x0000023f15e34540 JavaThread "Cache worker for Build Output Cleanup Cache (C:\Users\STR\prueba\.gradle\buildOutputCleanup)" [_thread_blocked, id=5748, stack(0x000000864a600000,0x000000864a700000)]
  0x0000023f15e2eea0 JavaThread "included builds" [_thread_blocked, id=11692, stack(0x000000864a800000,0x000000864a900000)]
  0x0000023f147c4540 JavaThread "Execution worker" [_thread_blocked, id=34732, stack(0x000000864a900000,0x000000864aa00000)]
  0x0000023f147c7560 JavaThread "Execution worker Thread 2" [_thread_blocked, id=34172, stack(0x000000864aa00000,0x000000864ab00000)]
  0x0000023f147c5d50 JavaThread "Execution worker Thread 3" [_thread_blocked, id=33388, stack(0x000000864ab00000,0x000000864ac00000)]
  0x0000023f184ad560 JavaThread "Execution worker Thread 4" [_thread_blocked, id=33836, stack(0x000000864ac00000,0x000000864ad00000)]
  0x0000023f184ae8a0 JavaThread "Execution worker Thread 5" [_thread_blocked, id=16600, stack(0x000000864ad00000,0x000000864ae00000)]
  0x0000023f184ada30 JavaThread "Execution worker Thread 6" [_thread_blocked, id=22444, stack(0x000000864ae00000,0x000000864af00000)]
  0x0000023f184adf00 JavaThread "Execution worker Thread 7" [_thread_blocked, id=31680, stack(0x000000864af00000,0x000000864b000000)]
  0x0000023f184ae3d0 JavaThread "Execution worker Thread 8" [_thread_blocked, id=32736, stack(0x000000864b000000,0x000000864b100000)]
  0x0000023f7df37370 JavaThread "Execution worker Thread 9" [_thread_blocked, id=2760, stack(0x000000864b100000,0x000000864b200000)]
  0x0000023f7df34cf0 JavaThread "Execution worker Thread 10" [_thread_blocked, id=34716, stack(0x000000864b200000,0x000000864b300000)]
  0x0000023f7df369d0 JavaThread "Execution worker Thread 11" [_thread_blocked, id=34560, stack(0x000000864b300000,0x000000864b400000)]
  0x0000023f7d194520 JavaThread "Cache worker for execution history cache (C:\Users\STR\prueba\.gradle\8.0\executionHistory)" [_thread_blocked, id=13100, stack(0x000000864b700000,0x000000864b800000)]
  0x0000023f7b95be50 JavaThread "WorkerExecutor Queue" [_thread_blocked, id=34276, stack(0x000000864b800000,0x000000864b900000)]
  0x0000023f7d192eb0 JavaThread "RMI TCP Connection(3)-127.0.0.1" daemon [_thread_in_native, id=27440, stack(0x000000864ba00000,0x000000864bb00000)]
  0x0000023f7d193380 JavaThread "RMI TCP Connection(4)-127.0.0.1" daemon [_thread_in_native, id=32672, stack(0x000000864bb00000,0x000000864bc00000)]
  0x0000023f148bb6d0 JavaThread "C2 CompilerThread1" daemon [_thread_in_native, id=33508, stack(0x0000008649900000,0x0000008649a00000)]
  0x0000023f148bacb0 JavaThread "C2 CompilerThread2" daemon [_thread_in_native, id=32896, stack(0x0000008649e00000,0x0000008649f00000)]
  0x0000023f7b95ccc0 JavaThread "WorkerExecutor Queue Thread 2" [_thread_in_Java, id=32560, stack(0x000000864bc00000,0x000000864bd00000)]
  0x0000023f7b95c320 JavaThread "WorkerExecutor Queue Thread 3" [_thread_blocked, id=3876, stack(0x000000864bd00000,0x000000864be00000)]
  0x0000023f7b95c7f0 JavaThread "WorkerExecutor Queue Thread 4" [_thread_blocked, id=26944, stack(0x000000864be00000,0x000000864bf00000)]
  0x0000023f7b95b980 JavaThread "WorkerExecutor Queue Thread 5" [_thread_blocked, id=21568, stack(0x000000864bf00000,0x000000864c000000)]
  0x0000023f7e429100 JavaThread "WorkerExecutor Queue Thread 6" [_thread_blocked, id=16748, stack(0x000000864c000000,0x000000864c100000)]
  0x0000023f7e428c30 JavaThread "WorkerExecutor Queue Thread 7" [_thread_blocked, id=32484, stack(0x000000864c100000,0x000000864c200000)]
  0x0000023f7e429aa0 JavaThread "WorkerExecutor Queue Thread 8" [_thread_blocked, id=10272, stack(0x000000864c200000,0x000000864c300000)]
  0x0000023f7e4295d0 JavaThread "WorkerExecutor Queue Thread 9" [_thread_blocked, id=30928, stack(0x000000864c300000,0x000000864c400000)]
  0x0000023f7e428290 JavaThread "WorkerExecutor Queue Thread 10" [_thread_blocked, id=7252, stack(0x000000864c400000,0x000000864c500000)]
  0x0000023f7e428760 JavaThread "WorkerExecutor Queue Thread 11" [_thread_blocked, id=31848, stack(0x000000864c800000,0x000000864c900000)]
  0x0000023f7eeebff0 JavaThread "WorkerExecutor Queue Thread 12" [_thread_blocked, id=14864, stack(0x000000864c900000,0x000000864ca00000)]
  0x0000023f7eeeb650 JavaThread "WorkerExecutor Queue Thread 13" [_thread_blocked, id=25312, stack(0x000000864ca00000,0x000000864cb00000)]

Other Threads:
  0x0000023f79f8dff0 VMThread "VM Thread" [stack: 0x0000008647200000,0x0000008647300000] [id=31940]
  0x0000023f7aa369c0 WatcherThread [stack: 0x0000008647e00000,0x0000008647f00000] [id=23688]
  0x0000023f6ed32cc0 GCTaskThread "GC Thread#0" [stack: 0x0000008646d00000,0x0000008646e00000] [id=30664]
  0x0000023f7b0e9520 GCTaskThread "GC Thread#1" [stack: 0x0000008648100000,0x0000008648200000] [id=28864]
  0x0000023f7bb19f50 GCTaskThread "GC Thread#2" [stack: 0x0000008648200000,0x0000008648300000] [id=3556]
  0x0000023f7b0e97d0 GCTaskThread "GC Thread#3" [stack: 0x0000008648300000,0x0000008648400000] [id=27020]
  0x0000023f7b0e9a80 GCTaskThread "GC Thread#4" [stack: 0x0000008648400000,0x0000008648500000] [id=31936]
  0x0000023f7b0e9d30 GCTaskThread "GC Thread#5" [stack: 0x0000008648500000,0x0000008648600000] [id=23168]
  0x0000023f7bde2160 GCTaskThread "GC Thread#6" [stack: 0x0000008649000000,0x0000008649100000] [id=30752]
  0x0000023f7c439d50 GCTaskThread "GC Thread#7" [stack: 0x0000008649100000,0x0000008649200000] [id=19028]
  0x0000023f7d0de440 GCTaskThread "GC Thread#8" [stack: 0x0000008649200000,0x0000008649300000] [id=16272]
  0x0000023f7d6e40a0 GCTaskThread "GC Thread#9" [stack: 0x0000008649300000,0x0000008649400000] [id=30880]
  0x0000023f6ed43b10 ConcurrentGCThread "G1 Main Marker" [stack: 0x0000008646e00000,0x0000008646f00000] [id=14944]
  0x0000023f6ed44bd0 ConcurrentGCThread "G1 Conc#0" [stack: 0x0000008646f00000,0x0000008647000000] [id=9912]
  0x0000023f7c4c9cd0 ConcurrentGCThread "G1 Conc#1" [stack: 0x0000008649400000,0x0000008649500000] [id=16148]
  0x0000023f7d824770 ConcurrentGCThread "G1 Conc#2" [stack: 0x0000008649500000,0x0000008649600000] [id=31624]
  0x0000023f6ed9ec80 ConcurrentGCThread "G1 Refine#0" [stack: 0x0000008647000000,0x0000008647100000] [id=1356]
  0x0000023f7d9f3520 ConcurrentGCThread "G1 Refine#1" [stack: 0x000000864a300000,0x000000864a400000] [id=8872]
  0x0000023f79e1c810 ConcurrentGCThread "G1 Service" [stack: 0x0000008647100000,0x0000008647200000] [id=24060]

Threads with active compile tasks:
C2 CompilerThread0  2906782 18962       4       org.gradle.internal.snapshot.ChildMap$Entry::handlePath (135 bytes)
C1 CompilerThread0  2906782 19434       2       com.android.tools.r8.ir.regalloc.c::f (138 bytes)
C2 CompilerThread1  2906782 18964       4       org.gradle.api.internal.changedetection.state.SplitFileHasher::hash (44 bytes)
C2 CompilerThread2  2906782 18975   !   4       java.io.ObjectOutputStream::writeSerialData (223 bytes)

VM state: not at safepoint (normal execution)

VM Mutex/Monitor currently owned by a thread: None

Heap address: 0x0000000080000000, size: 2048 MB, Compressed Oops mode: 32-bit

CDS archive(s) not mapped
Compressed class space mapped at: 0x0000000100000000-0x0000000140000000, reserved size: 1073741824
Narrow klass base: 0x0000000000000000, Narrow klass shift: 3, Narrow klass range: 0x140000000

GC Precious Log:
 CPUs: 12 total, 12 available
 Memory: 16251M
 Large Page Support: Disabled
 NUMA Support: Disabled
 Compressed Oops: Enabled (32-bit)
 Heap Region Size: 1M
 Heap Min Capacity: 8M
 Heap Initial Capacity: 254M
 Heap Max Capacity: 2G
 Pre-touch: Disabled
 Parallel Workers: 10
 Concurrent Workers: 3
 Concurrent Refinement Workers: 10
 Periodic GC: Disabled

Heap:
 garbage-first heap   total 336896K, used 159613K [0x0000000080000000, 0x0000000100000000)
  region size 1024K, 36 young (36864K), 17 survivors (17408K)
 Metaspace       used 133404K, committed 134464K, reserved 1171456K
  class space    used 18235K, committed 18752K, reserved 1048576K

Heap Regions: E=young(eden), S=young(survivor), O=old, HS=humongous(starts), HC=humongous(continues), CS=collection set, F=free, OA=open archive, CA=closed archive, TAMS=top-at-mark-start (previous, next)
|   0|0x0000000080000000, 0x0000000080100000, 0x0000000080100000|100%|HS|  |TAMS 0x0000000080100000, 0x0000000080000000| Complete 
|   1|0x0000000080100000, 0x0000000080200000, 0x0000000080200000|100%|HC|  |TAMS 0x0000000080200000, 0x0000000080100000| Complete 
|   2|0x0000000080200000, 0x0000000080300000, 0x0000000080300000|100%|HC|  |TAMS 0x0000000080300000, 0x0000000080200000| Complete 
|   3|0x0000000080300000, 0x0000000080400000, 0x0000000080400000|100%|HC|  |TAMS 0x0000000080400000, 0x0000000080300000| Complete 
|   4|0x0000000080400000, 0x0000000080500000, 0x0000000080500000|100%| O|  |TAMS 0x0000000080500000, 0x0000000080400000| Untracked 
|   5|0x0000000080500000, 0x0000000080600000, 0x0000000080600000|100%| O|  |TAMS 0x0000000080600000, 0x0000000080500000| Untracked 
|   6|0x0000000080600000, 0x0000000080700000, 0x0000000080700000|100%| O|  |TAMS 0x0000000080700000, 0x0000000080600000| Untracked 
|   7|0x0000000080700000, 0x0000000080800000, 0x0000000080800000|100%| O|  |TAMS 0x0000000080700000, 0x0000000080700000| Untracked 
|   8|0x0000000080800000, 0x0000000080900000, 0x0000000080900000|100%| O|  |TAMS 0x0000000080900000, 0x0000000080800000| Untracked 
|   9|0x0000000080900000, 0x0000000080a00000, 0x0000000080a00000|100%| O|  |TAMS 0x0000000080a00000, 0x0000000080900000| Untracked 
|  10|0x0000000080a00000, 0x0000000080b00000, 0x0000000080b00000|100%| O|  |TAMS 0x0000000080b00000, 0x0000000080a00000| Untracked 
|  11|0x0000000080b00000, 0x0000000080c00000, 0x0000000080c00000|100%| O|  |TAMS 0x0000000080c00000, 0x0000000080b00000| Untracked 
|  12|0x0000000080c00000, 0x0000000080d00000, 0x0000000080d00000|100%| O|  |TAMS 0x0000000080d00000, 0x0000000080c00000| Untracked 
|  13|0x0000000080d00000, 0x0000000080e00000, 0x0000000080e00000|100%| O|  |TAMS 0x0000000080e00000, 0x0000000080d00000| Untracked 
|  14|0x0000000080e00000, 0x0000000080f00000, 0x0000000080f00000|100%| O|  |TAMS 0x0000000080f00000, 0x0000000080e00000| Untracked 
|  15|0x0000000080f00000, 0x0000000081000000, 0x0000000081000000|100%| O|  |TAMS 0x0000000081000000, 0x0000000080f00000| Untracked 
|  16|0x0000000081000000, 0x0000000081100000, 0x0000000081100000|100%| O|  |TAMS 0x0000000081100000, 0x0000000081000000| Untracked 
|  17|0x0000000081100000, 0x0000000081200000, 0x0000000081200000|100%| O|  |TAMS 0x0000000081200000, 0x0000000081100000| Untracked 
|  18|0x0000000081200000, 0x0000000081300000, 0x0000000081300000|100%| O|  |TAMS 0x0000000081300000, 0x0000000081200000| Untracked 
|  19|0x0000000081300000, 0x0000000081400000, 0x0000000081400000|100%| O|  |TAMS 0x0000000081400000, 0x0000000081300000| Untracked 
|  20|0x0000000081400000, 0x0000000081500000, 0x0000000081500000|100%| O|  |TAMS 0x0000000081500000, 0x0000000081400000| Untracked 
|  21|0x0000000081500000, 0x0000000081600000, 0x0000000081600000|100%| O|  |TAMS 0x0000000081600000, 0x0000000081500000| Untracked 
|  22|0x0000000081600000, 0x0000000081700000, 0x0000000081700000|100%| O|  |TAMS 0x0000000081700000, 0x0000000081600000| Untracked 
|  23|0x0000000081700000, 0x0000000081800000, 0x0000000081800000|100%| O|  |TAMS 0x0000000081800000, 0x0000000081700000| Untracked 
|  24|0x0000000081800000, 0x0000000081900000, 0x0000000081900000|100%| O|  |TAMS 0x0000000081900000, 0x0000000081800000| Untracked 
|  25|0x0000000081900000, 0x0000000081a00000, 0x0000000081a00000|100%| O|  |TAMS 0x0000000081a00000, 0x0000000081900000| Untracked 
|  26|0x0000000081a00000, 0x0000000081b00000, 0x0000000081b00000|100%| O|  |TAMS 0x0000000081b00000, 0x0000000081a00000| Untracked 
|  27|0x0000000081b00000, 0x0000000081c00000, 0x0000000081c00000|100%| O|  |TAMS 0x0000000081c00000, 0x0000000081b00000| Untracked 
|  28|0x0000000081c00000, 0x0000000081d00000, 0x0000000081d00000|100%| O|  |TAMS 0x0000000081d00000, 0x0000000081c00000| Untracked 
|  29|0x0000000081d00000, 0x0000000081e00000, 0x0000000081e00000|100%| O|  |TAMS 0x0000000081e00000, 0x0000000081d00000| Untracked 
|  30|0x0000000081e00000, 0x0000000081f00000, 0x0000000081f00000|100%| O|  |TAMS 0x0000000081f00000, 0x0000000081e00000| Untracked 
|  31|0x0000000081f00000, 0x0000000082000000, 0x0000000082000000|100%| O|  |TAMS 0x0000000082000000, 0x0000000081f00000| Untracked 
|  32|0x0000000082000000, 0x0000000082100000, 0x0000000082100000|100%| O|  |TAMS 0x0000000082100000, 0x0000000082000000| Untracked 
|  33|0x0000000082100000, 0x0000000082200000, 0x0000000082200000|100%| O|  |TAMS 0x0000000082200000, 0x0000000082100000| Untracked 
|  34|0x0000000082200000, 0x0000000082300000, 0x0000000082300000|100%| O|  |TAMS 0x0000000082300000, 0x0000000082200000| Untracked 
|  35|0x0000000082300000, 0x0000000082400000, 0x0000000082400000|100%| O|  |TAMS 0x0000000082400000, 0x0000000082300000| Untracked 
|  36|0x0000000082400000, 0x0000000082500000, 0x0000000082500000|100%| O|  |TAMS 0x0000000082500000, 0x0000000082400000| Untracked 
|  37|0x0000000082500000, 0x0000000082600000, 0x0000000082600000|100%| O|  |TAMS 0x0000000082600000, 0x0000000082500000| Untracked 
|  38|0x0000000082600000, 0x0000000082700000, 0x0000000082700000|100%|HS|  |TAMS 0x0000000082700000, 0x0000000082600000| Complete 
|  39|0x0000000082700000, 0x0000000082800000, 0x0000000082800000|100%|HS|  |TAMS 0x0000000082800000, 0x0000000082700000| Complete 
|  40|0x0000000082800000, 0x0000000082900000, 0x0000000082900000|100%|HS|  |TAMS 0x0000000082900000, 0x0000000082800000| Complete 
|  41|0x0000000082900000, 0x0000000082a00000, 0x0000000082a00000|100%| O|  |TAMS 0x0000000082a00000, 0x0000000082900000| Untracked 
|  42|0x0000000082a00000, 0x0000000082b00000, 0x0000000082b00000|100%| O|  |TAMS 0x0000000082b00000, 0x0000000082a00000| Untracked 
|  43|0x0000000082b00000, 0x0000000082c00000, 0x0000000082c00000|100%|HS|  |TAMS 0x0000000082c00000, 0x0000000082b00000| Complete 
|  44|0x0000000082c00000, 0x0000000082d00000, 0x0000000082d00000|100%|HC|  |TAMS 0x0000000082d00000, 0x0000000082c00000| Complete 
|  45|0x0000000082d00000, 0x0000000082e00000, 0x0000000082e00000|100%| O|  |TAMS 0x0000000082e00000, 0x0000000082d00000| Untracked 
|  46|0x0000000082e00000, 0x0000000082f00000, 0x0000000082f00000|100%| O|  |TAMS 0x0000000082f00000, 0x0000000082e00000| Untracked 
|  47|0x0000000082f00000, 0x0000000083000000, 0x0000000083000000|100%|HS|  |TAMS 0x0000000083000000, 0x0000000082f00000| Complete 
|  48|0x0000000083000000, 0x0000000083100000, 0x0000000083100000|100%|HC|  |TAMS 0x0000000083100000, 0x0000000083000000| Complete 
|  49|0x0000000083100000, 0x0000000083200000, 0x0000000083200000|100%|HC|  |TAMS 0x0000000083200000, 0x0000000083100000| Complete 
|  50|0x0000000083200000, 0x0000000083300000, 0x0000000083300000|100%|HC|  |TAMS 0x0000000083300000, 0x0000000083200000| Complete 
|  51|0x0000000083300000, 0x0000000083400000, 0x0000000083400000|100%| O|  |TAMS 0x0000000083400000, 0x0000000083300000| Untracked 
|  52|0x0000000083400000, 0x0000000083500000, 0x0000000083500000|100%| O|  |TAMS 0x0000000083500000, 0x0000000083400000| Untracked 
|  53|0x0000000083500000, 0x0000000083600000, 0x0000000083600000|100%| O|  |TAMS 0x0000000083600000, 0x0000000083500000| Untracked 
|  54|0x0000000083600000, 0x0000000083700000, 0x0000000083700000|100%| O|  |TAMS 0x0000000083700000, 0x0000000083600000| Untracked 
|  55|0x0000000083700000, 0x0000000083800000, 0x0000000083800000|100%| O|  |TAMS 0x0000000083800000, 0x0000000083700000| Untracked 
|  56|0x0000000083800000, 0x0000000083900000, 0x0000000083900000|100%| O|  |TAMS 0x0000000083900000, 0x0000000083800000| Untracked 
|  57|0x0000000083900000, 0x0000000083a00000, 0x0000000083a00000|100%| O|  |TAMS 0x0000000083a00000, 0x0000000083900000| Untracked 
|  58|0x0000000083a00000, 0x0000000083b00000, 0x0000000083b00000|100%| O|  |TAMS 0x0000000083b00000, 0x0000000083a00000| Untracked 
|  59|0x0000000083b00000, 0x0000000083c00000, 0x0000000083c00000|100%| O|  |TAMS 0x0000000083c00000, 0x0000000083b00000| Untracked 
|  60|0x0000000083c00000, 0x0000000083d00000, 0x0000000083d00000|100%| O|  |TAMS 0x0000000083d00000, 0x0000000083c00000| Untracked 
|  61|0x0000000083d00000, 0x0000000083e00000, 0x0000000083e00000|100%| O|  |TAMS 0x0000000083e00000, 0x0000000083d00000| Untracked 
|  62|0x0000000083e00000, 0x0000000083f00000, 0x0000000083f00000|100%| O|  |TAMS 0x0000000083f00000, 0x0000000083e00000| Untracked 
|  63|0x0000000083f00000, 0x0000000084000000, 0x0000000084000000|100%| O|  |TAMS 0x0000000084000000, 0x0000000083f00000| Untracked 
|  64|0x0000000084000000, 0x0000000084100000, 0x0000000084100000|100%| O|  |TAMS 0x0000000084100000, 0x0000000084000000| Untracked 
|  65|0x0000000084100000, 0x0000000084200000, 0x0000000084200000|100%| O|  |TAMS 0x0000000084200000, 0x0000000084100000| Untracked 
|  66|0x0000000084200000, 0x0000000084300000, 0x0000000084300000|100%| O|  |TAMS 0x0000000084300000, 0x0000000084200000| Untracked 
|  67|0x0000000084300000, 0x0000000084400000, 0x0000000084400000|100%| O|  |TAMS 0x0000000084400000, 0x0000000084300000| Untracked 
|  68|0x0000000084400000, 0x0000000084500000, 0x0000000084500000|100%| O|  |TAMS 0x0000000084500000, 0x0000000084400000| Untracked 
|  69|0x0000000084500000, 0x0000000084600000, 0x0000000084600000|100%| O|  |TAMS 0x0000000084600000, 0x0000000084500000| Untracked 
|  70|0x0000000084600000, 0x0000000084700000, 0x0000000084700000|100%| O|  |TAMS 0x0000000084700000, 0x0000000084600000| Untracked 
|  71|0x0000000084700000, 0x0000000084800000, 0x0000000084800000|100%| O|  |TAMS 0x0000000084800000, 0x0000000084700000| Untracked 
|  72|0x0000000084800000, 0x0000000084900000, 0x0000000084900000|100%| O|  |TAMS 0x0000000084900000, 0x0000000084800000| Untracked 
|  73|0x0000000084900000, 0x0000000084a00000, 0x0000000084a00000|100%| O|  |TAMS 0x0000000084a00000, 0x0000000084900000| Untracked 
|  74|0x0000000084a00000, 0x0000000084b00000, 0x0000000084b00000|100%| O|  |TAMS 0x0000000084b00000, 0x0000000084a00000| Untracked 
|  75|0x0000000084b00000, 0x0000000084c00000, 0x0000000084c00000|100%| O|  |TAMS 0x0000000084c00000, 0x0000000084b00000| Untracked 
|  76|0x0000000084c00000, 0x0000000084d00000, 0x0000000084d00000|100%| O|  |TAMS 0x0000000084d00000, 0x0000000084c00000| Untracked 
|  77|0x0000000084d00000, 0x0000000084e00000, 0x0000000084e00000|100%| O|  |TAMS 0x0000000084e00000, 0x0000000084d00000| Untracked 
|  78|0x0000000084e00000, 0x0000000084f00000, 0x0000000084f00000|100%| O|  |TAMS 0x0000000084f00000, 0x0000000084e00000| Untracked 
|  79|0x0000000084f00000, 0x0000000085000000, 0x0000000085000000|100%| O|  |TAMS 0x0000000085000000, 0x0000000084f00000| Untracked 
|  80|0x0000000085000000, 0x0000000085100000, 0x0000000085100000|100%| O|  |TAMS 0x0000000085100000, 0x0000000085000000| Untracked 
|  81|0x0000000085100000, 0x0000000085200000, 0x0000000085200000|100%| O|  |TAMS 0x0000000085100000, 0x0000000085100000| Untracked 
|  82|0x0000000085200000, 0x0000000085300000, 0x0000000085300000|100%| O|  |TAMS 0x0000000085300000, 0x0000000085200000| Untracked 
|  83|0x0000000085300000, 0x0000000085400000, 0x0000000085400000|100%| O|  |TAMS 0x0000000085400000, 0x0000000085300000| Untracked 
|  84|0x0000000085400000, 0x0000000085500000, 0x0000000085500000|100%| O|  |TAMS 0x0000000085500000, 0x0000000085400000| Untracked 
|  85|0x0000000085500000, 0x0000000085600000, 0x0000000085600000|100%| O|  |TAMS 0x0000000085600000, 0x0000000085500000| Untracked 
|  86|0x0000000085600000, 0x0000000085700000, 0x0000000085700000|100%| O|  |TAMS 0x0000000085700000, 0x0000000085600000| Untracked 
|  87|0x0000000085700000, 0x0000000085800000, 0x0000000085800000|100%| O|  |TAMS 0x0000000085800000, 0x0000000085700000| Untracked 
|  88|0x0000000085800000, 0x0000000085900000, 0x0000000085900000|100%| O|  |TAMS 0x0000000085838800, 0x0000000085800000| Untracked 
|  89|0x0000000085900000, 0x0000000085a00000, 0x0000000085a00000|100%| O|  |TAMS 0x0000000085900000, 0x0000000085900000| Untracked 
|  90|0x0000000085a00000, 0x0000000085b00000, 0x0000000085b00000|100%| O|  |TAMS 0x0000000085a00000, 0x0000000085a00000| Untracked 
|  91|0x0000000085b00000, 0x0000000085c00000, 0x0000000085c00000|100%| O|  |TAMS 0x0000000085b00000, 0x0000000085b00000| Untracked 
|  92|0x0000000085c00000, 0x0000000085d00000, 0x0000000085d00000|100%| O|  |TAMS 0x0000000085c00000, 0x0000000085c00000| Untracked 
|  93|0x0000000085d00000, 0x0000000085e00000, 0x0000000085e00000|100%| O|  |TAMS 0x0000000085d00000, 0x0000000085d00000| Untracked 
|  94|0x0000000085e00000, 0x0000000085f00000, 0x0000000085f00000|100%| O|  |TAMS 0x0000000085e00000, 0x0000000085e00000| Untracked 
|  95|0x0000000085f00000, 0x0000000086000000, 0x0000000086000000|100%| O|  |TAMS 0x0000000085f00000, 0x0000000085f00000| Untracked 
|  96|0x0000000086000000, 0x0000000086100000, 0x0000000086100000|100%| O|  |TAMS 0x0000000086000000, 0x0000000086000000| Untracked 
|  97|0x0000000086100000, 0x0000000086200000, 0x0000000086200000|100%| O|  |TAMS 0x0000000086100000, 0x0000000086100000| Untracked 
|  98|0x0000000086200000, 0x0000000086300000, 0x0000000086300000|100%| O|  |TAMS 0x0000000086200000, 0x0000000086200000| Untracked 
|  99|0x0000000086300000, 0x0000000086400000, 0x0000000086400000|100%| O|  |TAMS 0x0000000086300000, 0x0000000086300000| Untracked 
| 100|0x0000000086400000, 0x0000000086500000, 0x0000000086500000|100%| O|  |TAMS 0x0000000086400000, 0x0000000086400000| Untracked 
| 101|0x0000000086500000, 0x0000000086600000, 0x0000000086600000|100%| O|  |TAMS 0x0000000086500000, 0x0000000086500000| Untracked 
| 102|0x0000000086600000, 0x0000000086700000, 0x0000000086700000|100%| O|  |TAMS 0x0000000086600000, 0x0000000086600000| Untracked 
| 103|0x0000000086700000, 0x0000000086800000, 0x0000000086800000|100%| O|  |TAMS 0x0000000086700000, 0x0000000086700000| Untracked 
| 104|0x0000000086800000, 0x0000000086900000, 0x0000000086900000|100%| O|  |TAMS 0x0000000086800000, 0x0000000086800000| Untracked 
| 105|0x0000000086900000, 0x0000000086a00000, 0x0000000086a00000|100%| O|  |TAMS 0x0000000086900000, 0x0000000086900000| Untracked 
| 106|0x0000000086a00000, 0x0000000086b00000, 0x0000000086b00000|100%| O|  |TAMS 0x0000000086a00000, 0x0000000086a00000| Untracked 
| 107|0x0000000086b00000, 0x0000000086c00000, 0x0000000086c00000|100%| O|  |TAMS 0x0000000086b00000, 0x0000000086b00000| Untracked 
| 108|0x0000000086c00000, 0x0000000086d00000, 0x0000000086d00000|100%| O|  |TAMS 0x0000000086c00000, 0x0000000086c00000| Untracked 
| 109|0x0000000086d00000, 0x0000000086e00000, 0x0000000086e00000|100%| O|  |TAMS 0x0000000086d00000, 0x0000000086d00000| Untracked 
| 110|0x0000000086e00000, 0x0000000086f00000, 0x0000000086f00000|100%| O|  |TAMS 0x0000000086e00000, 0x0000000086e00000| Untracked 
| 111|0x0000000086f00000, 0x0000000087000000, 0x0000000087000000|100%| O|  |TAMS 0x0000000086f00000, 0x0000000086f00000| Untracked 
| 112|0x0000000087000000, 0x0000000087100000, 0x0000000087100000|100%| O|  |TAMS 0x0000000087000000, 0x0000000087000000| Untracked 
| 113|0x0000000087100000, 0x0000000087200000, 0x0000000087200000|100%| O|  |TAMS 0x0000000087100000, 0x0000000087100000| Untracked 
| 114|0x0000000087200000, 0x0000000087300000, 0x0000000087300000|100%| O|  |TAMS 0x0000000087200000, 0x0000000087200000| Untracked 
| 115|0x0000000087300000, 0x00000000873df400, 0x0000000087400000| 87%| O|  |TAMS 0x0000000087300000, 0x0000000087300000| Untracked 
| 116|0x0000000087400000, 0x0000000087500000, 0x0000000087500000|100%| O|  |TAMS 0x0000000087400000, 0x0000000087400000| Untracked 
| 117|0x0000000087500000, 0x0000000087600000, 0x0000000087600000|100%| O|  |TAMS 0x0000000087500000, 0x0000000087500000| Untracked 
| 118|0x0000000087600000, 0x0000000087700000, 0x0000000087700000|100%| O|  |TAMS 0x0000000087600000, 0x0000000087600000| Untracked 
| 119|0x0000000087700000, 0x0000000087800000, 0x0000000087800000|100%| O|  |TAMS 0x0000000087700000, 0x0000000087700000| Untracked 
| 120|0x0000000087800000, 0x0000000087900000, 0x0000000087900000|100%| O|  |TAMS 0x0000000087800000, 0x0000000087800000| Untracked 
| 121|0x0000000087900000, 0x0000000087a00000, 0x0000000087a00000|100%| O|  |TAMS 0x0000000087900000, 0x0000000087900000| Untracked 
| 122|0x0000000087a00000, 0x0000000087a00000, 0x0000000087b00000|  0%| F|  |TAMS 0x0000000087a00000, 0x0000000087a00000| Untracked 
| 123|0x0000000087b00000, 0x0000000087b00000, 0x0000000087c00000|  0%| F|  |TAMS 0x0000000087b00000, 0x0000000087b00000| Untracked 
| 124|0x0000000087c00000, 0x0000000087c00000, 0x0000000087d00000|  0%| F|  |TAMS 0x0000000087c00000, 0x0000000087c00000| Untracked 
| 125|0x0000000087d00000, 0x0000000087d00000, 0x0000000087e00000|  0%| F|  |TAMS 0x0000000087d00000, 0x0000000087d00000| Untracked 
| 126|0x0000000087e00000, 0x0000000087e00000, 0x0000000087f00000|  0%| F|  |TAMS 0x0000000087e00000, 0x0000000087e00000| Untracked 
| 127|0x0000000087f00000, 0x0000000087f00000, 0x0000000088000000|  0%| F|  |TAMS 0x0000000087f00000, 0x0000000087f00000| Untracked 
| 128|0x0000000088000000, 0x0000000088000000, 0x0000000088100000|  0%| F|  |TAMS 0x0000000088000000, 0x0000000088000000| Untracked 
| 129|0x0000000088100000, 0x0000000088100000, 0x0000000088200000|  0%| F|  |TAMS 0x0000000088100000, 0x0000000088100000| Untracked 
| 130|0x0000000088200000, 0x0000000088200000, 0x0000000088300000|  0%| F|  |TAMS 0x0000000088200000, 0x0000000088200000| Untracked 
| 131|0x0000000088300000, 0x0000000088300000, 0x0000000088400000|  0%| F|  |TAMS 0x0000000088300000, 0x0000000088300000| Untracked 
| 132|0x0000000088400000, 0x0000000088400000, 0x0000000088500000|  0%| F|  |TAMS 0x0000000088400000, 0x0000000088400000| Untracked 
| 133|0x0000000088500000, 0x0000000088500000, 0x0000000088600000|  0%| F|  |TAMS 0x0000000088500000, 0x0000000088500000| Untracked 
| 134|0x0000000088600000, 0x0000000088600000, 0x0000000088700000|  0%| F|  |TAMS 0x0000000088600000, 0x0000000088600000| Untracked 
| 135|0x0000000088700000, 0x0000000088700000, 0x0000000088800000|  0%| F|  |TAMS 0x0000000088700000, 0x0000000088700000| Untracked 
| 136|0x0000000088800000, 0x0000000088800000, 0x0000000088900000|  0%| F|  |TAMS 0x0000000088800000, 0x0000000088800000| Untracked 
| 137|0x0000000088900000, 0x0000000088900000, 0x0000000088a00000|  0%| F|  |TAMS 0x0000000088900000, 0x0000000088900000| Untracked 
| 138|0x0000000088a00000, 0x0000000088a00000, 0x0000000088b00000|  0%| F|  |TAMS 0x0000000088a00000, 0x0000000088a00000| Untracked 
| 139|0x0000000088b00000, 0x0000000088b00000, 0x0000000088c00000|  0%| F|  |TAMS 0x0000000088b00000, 0x0000000088b00000| Untracked 
| 140|0x0000000088c00000, 0x0000000088c00000, 0x0000000088d00000|  0%| F|  |TAMS 0x0000000088c00000, 0x0000000088c00000| Untracked 
| 141|0x0000000088d00000, 0x0000000088d00000, 0x0000000088e00000|  0%| F|  |TAMS 0x0000000088d00000, 0x0000000088d00000| Untracked 
| 142|0x0000000088e00000, 0x0000000088e00000, 0x0000000088f00000|  0%| F|  |TAMS 0x0000000088e00000, 0x0000000088e00000| Untracked 
| 143|0x0000000088f00000, 0x0000000088f00000, 0x0000000089000000|  0%| F|  |TAMS 0x0000000088f00000, 0x0000000088f00000| Untracked 
| 144|0x0000000089000000, 0x0000000089000000, 0x0000000089100000|  0%| F|  |TAMS 0x0000000089000000, 0x0000000089000000| Untracked 
| 145|0x0000000089100000, 0x0000000089100000, 0x0000000089200000|  0%| F|  |TAMS 0x0000000089100000, 0x0000000089100000| Untracked 
| 146|0x0000000089200000, 0x0000000089200000, 0x0000000089300000|  0%| F|  |TAMS 0x0000000089200000, 0x0000000089200000| Untracked 
| 147|0x0000000089300000, 0x0000000089300000, 0x0000000089400000|  0%| F|  |TAMS 0x0000000089300000, 0x0000000089300000| Untracked 
| 148|0x0000000089400000, 0x0000000089400000, 0x0000000089500000|  0%| F|  |TAMS 0x0000000089400000, 0x0000000089400000| Untracked 
| 149|0x0000000089500000, 0x0000000089500000, 0x0000000089600000|  0%| F|  |TAMS 0x0000000089500000, 0x0000000089500000| Untracked 
| 150|0x0000000089600000, 0x0000000089600000, 0x0000000089700000|  0%| F|  |TAMS 0x0000000089600000, 0x0000000089600000| Untracked 
| 151|0x0000000089700000, 0x0000000089700000, 0x0000000089800000|  0%| F|  |TAMS 0x0000000089700000, 0x0000000089700000| Untracked 
| 152|0x0000000089800000, 0x0000000089800000, 0x0000000089900000|  0%| F|  |TAMS 0x0000000089800000, 0x0000000089800000| Untracked 
| 153|0x0000000089900000, 0x0000000089900000, 0x0000000089a00000|  0%| F|  |TAMS 0x0000000089900000, 0x0000000089900000| Untracked 
| 154|0x0000000089a00000, 0x0000000089a00000, 0x0000000089b00000|  0%| F|  |TAMS 0x0000000089a00000, 0x0000000089a00000| Untracked 
| 155|0x0000000089b00000, 0x0000000089b00000, 0x0000000089c00000|  0%| F|  |TAMS 0x0000000089b00000, 0x0000000089b00000| Untracked 
| 156|0x0000000089c00000, 0x0000000089c00000, 0x0000000089d00000|  0%| F|  |TAMS 0x0000000089c00000, 0x0000000089c00000| Untracked 
| 157|0x0000000089d00000, 0x0000000089d00000, 0x0000000089e00000|  0%| F|  |TAMS 0x0000000089d00000, 0x0000000089d00000| Untracked 
| 158|0x0000000089e00000, 0x0000000089e00000, 0x0000000089f00000|  0%| F|  |TAMS 0x0000000089e00000, 0x0000000089e00000| Untracked 
| 159|0x0000000089f00000, 0x0000000089f00000, 0x000000008a000000|  0%| F|  |TAMS 0x0000000089f00000, 0x0000000089f00000| Untracked 
| 160|0x000000008a000000, 0x000000008a100000, 0x000000008a100000|100%| S|CS|TAMS 0x000000008a000000, 0x000000008a000000| Complete 
| 161|0x000000008a100000, 0x000000008a100000, 0x000000008a200000|  0%| F|  |TAMS 0x000000008a100000, 0x000000008a100000| Untracked 
| 162|0x000000008a200000, 0x000000008a200000, 0x000000008a300000|  0%| F|  |TAMS 0x000000008a200000, 0x000000008a200000| Untracked 
| 163|0x000000008a300000, 0x000000008a300000, 0x000000008a400000|  0%| F|  |TAMS 0x000000008a300000, 0x000000008a300000| Untracked 
| 164|0x000000008a400000, 0x000000008a400000, 0x000000008a500000|  0%| F|  |TAMS 0x000000008a400000, 0x000000008a400000| Untracked 
| 165|0x000000008a500000, 0x000000008a500000, 0x000000008a600000|  0%| F|  |TAMS 0x000000008a500000, 0x000000008a500000| Untracked 
| 166|0x000000008a600000, 0x000000008a600000, 0x000000008a700000|  0%| F|  |TAMS 0x000000008a600000, 0x000000008a600000| Untracked 
| 167|0x000000008a700000, 0x000000008a700000, 0x000000008a800000|  0%| F|  |TAMS 0x000000008a700000, 0x000000008a700000| Untracked 
| 168|0x000000008a800000, 0x000000008a800000, 0x000000008a900000|  0%| F|  |TAMS 0x000000008a800000, 0x000000008a800000| Untracked 
| 169|0x000000008a900000, 0x000000008a900000, 0x000000008aa00000|  0%| F|  |TAMS 0x000000008a900000, 0x000000008a900000| Untracked 
| 170|0x000000008aa00000, 0x000000008aa00000, 0x000000008ab00000|  0%| F|  |TAMS 0x000000008aa00000, 0x000000008aa00000| Untracked 
| 171|0x000000008ab00000, 0x000000008ab00000, 0x000000008ac00000|  0%| F|  |TAMS 0x000000008ab00000, 0x000000008ab00000| Untracked 
| 172|0x000000008ac00000, 0x000000008ac00000, 0x000000008ad00000|  0%| F|  |TAMS 0x000000008ac00000, 0x000000008ac00000| Untracked 
| 173|0x000000008ad00000, 0x000000008ad00000, 0x000000008ae00000|  0%| F|  |TAMS 0x000000008ad00000, 0x000000008ad00000| Untracked 
| 174|0x000000008ae00000, 0x000000008af00000, 0x000000008af00000|100%| S|CS|TAMS 0x000000008ae00000, 0x000000008ae00000| Complete 
| 175|0x000000008af00000, 0x000000008b000000, 0x000000008b000000|100%| S|CS|TAMS 0x000000008af00000, 0x000000008af00000| Complete 
| 176|0x000000008b000000, 0x000000008b100000, 0x000000008b100000|100%| S|CS|TAMS 0x000000008b000000, 0x000000008b000000| Complete 
| 177|0x000000008b100000, 0x000000008b200000, 0x000000008b200000|100%| S|CS|TAMS 0x000000008b100000, 0x000000008b100000| Complete 
| 178|0x000000008b200000, 0x000000008b300000, 0x000000008b300000|100%| S|CS|TAMS 0x000000008b200000, 0x000000008b200000| Complete 
| 179|0x000000008b300000, 0x000000008b400000, 0x000000008b400000|100%| S|CS|TAMS 0x000000008b300000, 0x000000008b300000| Complete 
| 180|0x000000008b400000, 0x000000008b500000, 0x000000008b500000|100%| S|CS|TAMS 0x000000008b400000, 0x000000008b400000| Complete 
| 181|0x000000008b500000, 0x000000008b600000, 0x000000008b600000|100%| S|CS|TAMS 0x000000008b500000, 0x000000008b500000| Complete 
| 182|0x000000008b600000, 0x000000008b700000, 0x000000008b700000|100%| S|CS|TAMS 0x000000008b600000, 0x000000008b600000| Complete 
| 183|0x000000008b700000, 0x000000008b700000, 0x000000008b800000|  0%| F|  |TAMS 0x000000008b700000, 0x000000008b700000| Untracked 
| 184|0x000000008b800000, 0x000000008b900000, 0x000000008b900000|100%| S|CS|TAMS 0x000000008b800000, 0x000000008b800000| Complete 
| 185|0x000000008b900000, 0x000000008ba00000, 0x000000008ba00000|100%| S|CS|TAMS 0x000000008b900000, 0x000000008b900000| Complete 
| 186|0x000000008ba00000, 0x000000008bb00000, 0x000000008bb00000|100%| S|CS|TAMS 0x000000008ba00000, 0x000000008ba00000| Complete 
| 187|0x000000008bb00000, 0x000000008bc00000, 0x000000008bc00000|100%| S|CS|TAMS 0x000000008bb00000, 0x000000008bb00000| Complete 
| 188|0x000000008bc00000, 0x000000008bd00000, 0x000000008bd00000|100%| S|CS|TAMS 0x000000008bc00000, 0x000000008bc00000| Complete 
| 189|0x000000008bd00000, 0x000000008be00000, 0x000000008be00000|100%| S|CS|TAMS 0x000000008bd00000, 0x000000008bd00000| Complete 
| 190|0x000000008be00000, 0x000000008bf00000, 0x000000008bf00000|100%| S|CS|TAMS 0x000000008be00000, 0x000000008be00000| Complete 
| 191|0x000000008bf00000, 0x000000008bf00000, 0x000000008c000000|  0%| F|  |TAMS 0x000000008bf00000, 0x000000008bf00000| Untracked 
| 192|0x000000008c000000, 0x000000008c000000, 0x000000008c100000|  0%| F|  |TAMS 0x000000008c000000, 0x000000008c000000| Untracked 
| 193|0x000000008c100000, 0x000000008c100000, 0x000000008c200000|  0%| F|  |TAMS 0x000000008c100000, 0x000000008c100000| Untracked 
| 194|0x000000008c200000, 0x000000008c200000, 0x000000008c300000|  0%| F|  |TAMS 0x000000008c200000, 0x000000008c200000| Untracked 
| 195|0x000000008c300000, 0x000000008c300000, 0x000000008c400000|  0%| F|  |TAMS 0x000000008c300000, 0x000000008c300000| Untracked 
| 196|0x000000008c400000, 0x000000008c400000, 0x000000008c500000|  0%| F|  |TAMS 0x000000008c400000, 0x000000008c400000| Untracked 
| 197|0x000000008c500000, 0x000000008c500000, 0x000000008c600000|  0%| F|  |TAMS 0x000000008c500000, 0x000000008c500000| Untracked 
| 198|0x000000008c600000, 0x000000008c600000, 0x000000008c700000|  0%| F|  |TAMS 0x000000008c600000, 0x000000008c600000| Untracked 
| 199|0x000000008c700000, 0x000000008c700000, 0x000000008c800000|  0%| F|  |TAMS 0x000000008c700000, 0x000000008c700000| Untracked 
| 200|0x000000008c800000, 0x000000008c800000, 0x000000008c900000|  0%| F|  |TAMS 0x000000008c800000, 0x000000008c800000| Untracked 
| 201|0x000000008c900000, 0x000000008c900000, 0x000000008ca00000|  0%| F|  |TAMS 0x000000008c900000, 0x000000008c900000| Untracked 
| 202|0x000000008ca00000, 0x000000008ca00000, 0x000000008cb00000|  0%| F|  |TAMS 0x000000008ca00000, 0x000000008ca00000| Untracked 
| 203|0x000000008cb00000, 0x000000008cb00000, 0x000000008cc00000|  0%| F|  |TAMS 0x000000008cb00000, 0x000000008cb00000| Untracked 
| 204|0x000000008cc00000, 0x000000008cc00000, 0x000000008cd00000|  0%| F|  |TAMS 0x000000008cc00000, 0x000000008cc00000| Untracked 
| 205|0x000000008cd00000, 0x000000008cd00000, 0x000000008ce00000|  0%| F|  |TAMS 0x000000008cd00000, 0x000000008cd00000| Untracked 
| 206|0x000000008ce00000, 0x000000008ce00000, 0x000000008cf00000|  0%| F|  |TAMS 0x000000008ce00000, 0x000000008ce00000| Untracked 
| 207|0x000000008cf00000, 0x000000008cf00000, 0x000000008d000000|  0%| F|  |TAMS 0x000000008cf00000, 0x000000008cf00000| Untracked 
| 208|0x000000008d000000, 0x000000008d000000, 0x000000008d100000|  0%| F|  |TAMS 0x000000008d000000, 0x000000008d000000| Untracked 
| 209|0x000000008d100000, 0x000000008d100000, 0x000000008d200000|  0%| F|  |TAMS 0x000000008d100000, 0x000000008d100000| Untracked 
| 210|0x000000008d200000, 0x000000008d200000, 0x000000008d300000|  0%| F|  |TAMS 0x000000008d200000, 0x000000008d200000| Untracked 
| 211|0x000000008d300000, 0x000000008d300000, 0x000000008d400000|  0%| F|  |TAMS 0x000000008d300000, 0x000000008d300000| Untracked 
| 212|0x000000008d400000, 0x000000008d400000, 0x000000008d500000|  0%| F|  |TAMS 0x000000008d400000, 0x000000008d400000| Untracked 
| 213|0x000000008d500000, 0x000000008d500000, 0x000000008d600000|  0%| F|  |TAMS 0x000000008d500000, 0x000000008d500000| Untracked 
| 214|0x000000008d600000, 0x000000008d600000, 0x000000008d700000|  0%| F|  |TAMS 0x000000008d600000, 0x000000008d600000| Untracked 
| 215|0x000000008d700000, 0x000000008d700000, 0x000000008d800000|  0%| F|  |TAMS 0x000000008d700000, 0x000000008d700000| Untracked 
| 216|0x000000008d800000, 0x000000008d800000, 0x000000008d900000|  0%| F|  |TAMS 0x000000008d800000, 0x000000008d800000| Untracked 
| 217|0x000000008d900000, 0x000000008d900000, 0x000000008da00000|  0%| F|  |TAMS 0x000000008d900000, 0x000000008d900000| Untracked 
| 218|0x000000008da00000, 0x000000008da00000, 0x000000008db00000|  0%| F|  |TAMS 0x000000008da00000, 0x000000008da00000| Untracked 
| 219|0x000000008db00000, 0x000000008db00000, 0x000000008dc00000|  0%| F|  |TAMS 0x000000008db00000, 0x000000008db00000| Untracked 
| 220|0x000000008dc00000, 0x000000008dc00000, 0x000000008dd00000|  0%| F|  |TAMS 0x000000008dc00000, 0x000000008dc00000| Untracked 
| 221|0x000000008dd00000, 0x000000008dd00000, 0x000000008de00000|  0%| F|  |TAMS 0x000000008dd00000, 0x000000008dd00000| Untracked 
| 222|0x000000008de00000, 0x000000008de00000, 0x000000008df00000|  0%| F|  |TAMS 0x000000008de00000, 0x000000008de00000| Untracked 
| 223|0x000000008df00000, 0x000000008df00000, 0x000000008e000000|  0%| F|  |TAMS 0x000000008df00000, 0x000000008df00000| Untracked 
| 224|0x000000008e000000, 0x000000008e000000, 0x000000008e100000|  0%| F|  |TAMS 0x000000008e000000, 0x000000008e000000| Untracked 
| 225|0x000000008e100000, 0x000000008e100000, 0x000000008e200000|  0%| F|  |TAMS 0x000000008e100000, 0x000000008e100000| Untracked 
| 226|0x000000008e200000, 0x000000008e200000, 0x000000008e300000|  0%| F|  |TAMS 0x000000008e200000, 0x000000008e200000| Untracked 
| 227|0x000000008e300000, 0x000000008e300000, 0x000000008e400000|  0%| F|  |TAMS 0x000000008e300000, 0x000000008e300000| Untracked 
| 228|0x000000008e400000, 0x000000008e400000, 0x000000008e500000|  0%| F|  |TAMS 0x000000008e400000, 0x000000008e400000| Untracked 
| 229|0x000000008e500000, 0x000000008e500000, 0x000000008e600000|  0%| F|  |TAMS 0x000000008e500000, 0x000000008e500000| Untracked 
| 230|0x000000008e600000, 0x000000008e600000, 0x000000008e700000|  0%| F|  |TAMS 0x000000008e600000, 0x000000008e600000| Untracked 
| 231|0x000000008e700000, 0x000000008e700000, 0x000000008e800000|  0%| F|  |TAMS 0x000000008e700000, 0x000000008e700000| Untracked 
| 232|0x000000008e800000, 0x000000008e800000, 0x000000008e900000|  0%| F|  |TAMS 0x000000008e800000, 0x000000008e800000| Untracked 
| 233|0x000000008e900000, 0x000000008e900000, 0x000000008ea00000|  0%| F|  |TAMS 0x000000008e900000, 0x000000008e900000| Untracked 
| 234|0x000000008ea00000, 0x000000008ea00000, 0x000000008eb00000|  0%| F|  |TAMS 0x000000008ea00000, 0x000000008ea00000| Untracked 
| 235|0x000000008eb00000, 0x000000008eb00000, 0x000000008ec00000|  0%| F|  |TAMS 0x000000008eb00000, 0x000000008eb00000| Untracked 
| 236|0x000000008ec00000, 0x000000008ec00000, 0x000000008ed00000|  0%| F|  |TAMS 0x000000008ec00000, 0x000000008ec00000| Untracked 
| 237|0x000000008ed00000, 0x000000008ed00000, 0x000000008ee00000|  0%| F|  |TAMS 0x000000008ed00000, 0x000000008ed00000| Untracked 
| 238|0x000000008ee00000, 0x000000008ee00000, 0x000000008ef00000|  0%| F|  |TAMS 0x000000008ee00000, 0x000000008ee00000| Untracked 
| 239|0x000000008ef00000, 0x000000008ef00000, 0x000000008f000000|  0%| F|  |TAMS 0x000000008ef00000, 0x000000008ef00000| Untracked 
| 240|0x000000008f000000, 0x000000008f000000, 0x000000008f100000|  0%| F|  |TAMS 0x000000008f000000, 0x000000008f000000| Untracked 
| 241|0x000000008f100000, 0x000000008f100000, 0x000000008f200000|  0%| F|  |TAMS 0x000000008f100000, 0x000000008f100000| Untracked 
| 242|0x000000008f200000, 0x000000008f200000, 0x000000008f300000|  0%| F|  |TAMS 0x000000008f200000, 0x000000008f200000| Untracked 
| 243|0x000000008f300000, 0x000000008f300000, 0x000000008f400000|  0%| F|  |TAMS 0x000000008f300000, 0x000000008f300000| Untracked 
| 244|0x000000008f400000, 0x000000008f400000, 0x000000008f500000|  0%| F|  |TAMS 0x000000008f400000, 0x000000008f400000| Untracked 
| 245|0x000000008f500000, 0x000000008f500000, 0x000000008f600000|  0%| F|  |TAMS 0x000000008f500000, 0x000000008f500000| Untracked 
| 246|0x000000008f600000, 0x000000008f600000, 0x000000008f700000|  0%| F|  |TAMS 0x000000008f600000, 0x000000008f600000| Untracked 
| 247|0x000000008f700000, 0x000000008f700000, 0x000000008f800000|  0%| F|  |TAMS 0x000000008f700000, 0x000000008f700000| Untracked 
| 248|0x000000008f800000, 0x000000008f800000, 0x000000008f900000|  0%| F|  |TAMS 0x000000008f800000, 0x000000008f800000| Untracked 
| 249|0x000000008f900000, 0x000000008f900000, 0x000000008fa00000|  0%| F|  |TAMS 0x000000008f900000, 0x000000008f900000| Untracked 
| 250|0x000000008fa00000, 0x000000008fa00000, 0x000000008fb00000|  0%| F|  |TAMS 0x000000008fa00000, 0x000000008fa00000| Untracked 
| 251|0x000000008fb00000, 0x000000008fb00000, 0x000000008fc00000|  0%| F|  |TAMS 0x000000008fb00000, 0x000000008fb00000| Untracked 
| 252|0x000000008fc00000, 0x000000008fc00000, 0x000000008fd00000|  0%| F|  |TAMS 0x000000008fc00000, 0x000000008fc00000| Untracked 
| 253|0x000000008fd00000, 0x000000008fd00000, 0x000000008fe00000|  0%| F|  |TAMS 0x000000008fd00000, 0x000000008fd00000| Untracked 
| 254|0x000000008fe00000, 0x000000008fe00000, 0x000000008ff00000|  0%| F|  |TAMS 0x000000008fe00000, 0x000000008fe00000| Untracked 
| 255|0x000000008ff00000, 0x000000008ff00000, 0x0000000090000000|  0%| F|  |TAMS 0x000000008ff00000, 0x000000008ff00000| Untracked 
| 256|0x0000000090000000, 0x0000000090000000, 0x0000000090100000|  0%| F|  |TAMS 0x0000000090000000, 0x0000000090000000| Untracked 
| 257|0x0000000090100000, 0x0000000090100000, 0x0000000090200000|  0%| F|  |TAMS 0x0000000090100000, 0x0000000090100000| Untracked 
| 258|0x0000000090200000, 0x0000000090200000, 0x0000000090300000|  0%| F|  |TAMS 0x0000000090200000, 0x0000000090200000| Untracked 
| 259|0x0000000090300000, 0x0000000090300000, 0x0000000090400000|  0%| F|  |TAMS 0x0000000090300000, 0x0000000090300000| Untracked 
| 260|0x0000000090400000, 0x0000000090400000, 0x0000000090500000|  0%| F|  |TAMS 0x0000000090400000, 0x0000000090400000| Untracked 
| 261|0x0000000090500000, 0x0000000090500000, 0x0000000090600000|  0%| F|  |TAMS 0x0000000090500000, 0x0000000090500000| Untracked 
| 262|0x0000000090600000, 0x0000000090600000, 0x0000000090700000|  0%| F|  |TAMS 0x0000000090600000, 0x0000000090600000| Untracked 
| 263|0x0000000090700000, 0x0000000090700000, 0x0000000090800000|  0%| F|  |TAMS 0x0000000090700000, 0x0000000090700000| Untracked 
| 264|0x0000000090800000, 0x0000000090800000, 0x0000000090900000|  0%| F|  |TAMS 0x0000000090800000, 0x0000000090800000| Untracked 
| 265|0x0000000090900000, 0x0000000090900000, 0x0000000090a00000|  0%| F|  |TAMS 0x0000000090900000, 0x0000000090900000| Untracked 
| 266|0x0000000090a00000, 0x0000000090a00000, 0x0000000090b00000|  0%| F|  |TAMS 0x0000000090a00000, 0x0000000090a00000| Untracked 
| 267|0x0000000090b00000, 0x0000000090b00000, 0x0000000090c00000|  0%| F|  |TAMS 0x0000000090b00000, 0x0000000090b00000| Untracked 
| 268|0x0000000090c00000, 0x0000000090c00000, 0x0000000090d00000|  0%| F|  |TAMS 0x0000000090c00000, 0x0000000090c00000| Untracked 
| 269|0x0000000090d00000, 0x0000000090d00000, 0x0000000090e00000|  0%| F|  |TAMS 0x0000000090d00000, 0x0000000090d00000| Untracked 
| 270|0x0000000090e00000, 0x0000000090e00000, 0x0000000090f00000|  0%| F|  |TAMS 0x0000000090e00000, 0x0000000090e00000| Untracked 
| 271|0x0000000090f00000, 0x0000000090f00000, 0x0000000091000000|  0%| F|  |TAMS 0x0000000090f00000, 0x0000000090f00000| Untracked 
| 272|0x0000000091000000, 0x0000000091000000, 0x0000000091100000|  0%| F|  |TAMS 0x0000000091000000, 0x0000000091000000| Untracked 
| 273|0x0000000091100000, 0x0000000091100000, 0x0000000091200000|  0%| F|  |TAMS 0x0000000091100000, 0x0000000091100000| Untracked 
| 274|0x0000000091200000, 0x0000000091200000, 0x0000000091300000|  0%| F|  |TAMS 0x0000000091200000, 0x0000000091200000| Untracked 
| 275|0x0000000091300000, 0x0000000091300000, 0x0000000091400000|  0%| F|  |TAMS 0x0000000091300000, 0x0000000091300000| Untracked 
| 276|0x0000000091400000, 0x0000000091400000, 0x0000000091500000|  0%| F|  |TAMS 0x0000000091400000, 0x0000000091400000| Untracked 
| 277|0x0000000091500000, 0x0000000091500000, 0x0000000091600000|  0%| F|  |TAMS 0x0000000091500000, 0x0000000091500000| Untracked 
| 278|0x0000000091600000, 0x0000000091600000, 0x0000000091700000|  0%| F|  |TAMS 0x0000000091600000, 0x0000000091600000| Untracked 
| 279|0x0000000091700000, 0x0000000091700000, 0x0000000091800000|  0%| F|  |TAMS 0x0000000091700000, 0x0000000091700000| Untracked 
| 280|0x0000000091800000, 0x0000000091800000, 0x0000000091900000|  0%| F|  |TAMS 0x0000000091800000, 0x0000000091800000| Untracked 
| 281|0x0000000091900000, 0x0000000091900000, 0x0000000091a00000|  0%| F|  |TAMS 0x0000000091900000, 0x0000000091900000| Untracked 
| 282|0x0000000091a00000, 0x0000000091a00000, 0x0000000091b00000|  0%| F|  |TAMS 0x0000000091a00000, 0x0000000091a00000| Untracked 
| 283|0x0000000091b00000, 0x0000000091b00000, 0x0000000091c00000|  0%| F|  |TAMS 0x0000000091b00000, 0x0000000091b00000| Untracked 
| 284|0x0000000091c00000, 0x0000000091c00000, 0x0000000091d00000|  0%| F|  |TAMS 0x0000000091c00000, 0x0000000091c00000| Untracked 
| 285|0x0000000091d00000, 0x0000000091d00000, 0x0000000091e00000|  0%| F|  |TAMS 0x0000000091d00000, 0x0000000091d00000| Untracked 
| 286|0x0000000091e00000, 0x0000000091e00000, 0x0000000091f00000|  0%| F|  |TAMS 0x0000000091e00000, 0x0000000091e00000| Untracked 
| 287|0x0000000091f00000, 0x0000000091f00000, 0x0000000092000000|  0%| F|  |TAMS 0x0000000091f00000, 0x0000000091f00000| Untracked 
| 288|0x0000000092000000, 0x0000000092000000, 0x0000000092100000|  0%| F|  |TAMS 0x0000000092000000, 0x0000000092000000| Untracked 
| 289|0x0000000092100000, 0x0000000092100000, 0x0000000092200000|  0%| F|  |TAMS 0x0000000092100000, 0x0000000092100000| Untracked 
| 290|0x0000000092200000, 0x0000000092200000, 0x0000000092300000|  0%| F|  |TAMS 0x0000000092200000, 0x0000000092200000| Untracked 
| 291|0x0000000092300000, 0x0000000092300000, 0x0000000092400000|  0%| F|  |TAMS 0x0000000092300000, 0x0000000092300000| Untracked 
| 292|0x0000000092400000, 0x0000000092400000, 0x0000000092500000|  0%| F|  |TAMS 0x0000000092400000, 0x0000000092400000| Untracked 
| 293|0x0000000092500000, 0x0000000092500000, 0x0000000092600000|  0%| F|  |TAMS 0x0000000092500000, 0x0000000092500000| Untracked 
| 294|0x0000000092600000, 0x0000000092600000, 0x0000000092700000|  0%| F|  |TAMS 0x0000000092600000, 0x0000000092600000| Untracked 
| 295|0x0000000092700000, 0x0000000092700000, 0x0000000092800000|  0%| F|  |TAMS 0x0000000092700000, 0x0000000092700000| Untracked 
| 296|0x0000000092800000, 0x0000000092800000, 0x0000000092900000|  0%| F|  |TAMS 0x0000000092800000, 0x0000000092800000| Untracked 
| 297|0x0000000092900000, 0x0000000092900000, 0x0000000092a00000|  0%| F|  |TAMS 0x0000000092900000, 0x0000000092900000| Untracked 
| 298|0x0000000092a00000, 0x0000000092a00000, 0x0000000092b00000|  0%| F|  |TAMS 0x0000000092a00000, 0x0000000092a00000| Untracked 
| 299|0x0000000092b00000, 0x0000000092b00000, 0x0000000092c00000|  0%| F|  |TAMS 0x0000000092b00000, 0x0000000092b00000| Untracked 
| 300|0x0000000092c00000, 0x0000000092c00000, 0x0000000092d00000|  0%| F|  |TAMS 0x0000000092c00000, 0x0000000092c00000| Untracked 
| 301|0x0000000092d00000, 0x0000000092d00000, 0x0000000092e00000|  0%| F|  |TAMS 0x0000000092d00000, 0x0000000092d00000| Untracked 
| 302|0x0000000092e00000, 0x0000000092e00000, 0x0000000092f00000|  0%| F|  |TAMS 0x0000000092e00000, 0x0000000092e00000| Untracked 
| 303|0x0000000092f00000, 0x0000000092f00000, 0x0000000093000000|  0%| F|  |TAMS 0x0000000092f00000, 0x0000000092f00000| Untracked 
| 304|0x0000000093000000, 0x0000000093000000, 0x0000000093100000|  0%| F|  |TAMS 0x0000000093000000, 0x0000000093000000| Untracked 
| 305|0x0000000093100000, 0x0000000093100000, 0x0000000093200000|  0%| F|  |TAMS 0x0000000093100000, 0x0000000093100000| Untracked 
| 306|0x0000000093200000, 0x0000000093200000, 0x0000000093300000|  0%| F|  |TAMS 0x0000000093200000, 0x0000000093200000| Untracked 
| 307|0x0000000093300000, 0x0000000093300000, 0x0000000093400000|  0%| F|  |TAMS 0x0000000093300000, 0x0000000093300000| Untracked 
| 308|0x0000000093400000, 0x0000000093400000, 0x0000000093500000|  0%| F|  |TAMS 0x0000000093400000, 0x0000000093400000| Untracked 
| 309|0x0000000093500000, 0x0000000093500000, 0x0000000093600000|  0%| F|  |TAMS 0x0000000093500000, 0x0000000093500000| Untracked 
| 310|0x0000000093600000, 0x00000000936d6278, 0x0000000093700000| 83%| E|  |TAMS 0x0000000093600000, 0x0000000093600000| Complete 
| 311|0x0000000093700000, 0x0000000093800000, 0x0000000093800000|100%| E|CS|TAMS 0x0000000093700000, 0x0000000093700000| Complete 
| 312|0x0000000093800000, 0x0000000093900000, 0x0000000093900000|100%| E|CS|TAMS 0x0000000093800000, 0x0000000093800000| Complete 
| 313|0x0000000093900000, 0x0000000093a00000, 0x0000000093a00000|100%| E|CS|TAMS 0x0000000093900000, 0x0000000093900000| Complete 
| 314|0x0000000093a00000, 0x0000000093b00000, 0x0000000093b00000|100%| E|CS|TAMS 0x0000000093a00000, 0x0000000093a00000| Complete 
| 315|0x0000000093b00000, 0x0000000093c00000, 0x0000000093c00000|100%| E|CS|TAMS 0x0000000093b00000, 0x0000000093b00000| Complete 
| 316|0x0000000093c00000, 0x0000000093d00000, 0x0000000093d00000|100%| E|CS|TAMS 0x0000000093c00000, 0x0000000093c00000| Complete 
| 317|0x0000000093d00000, 0x0000000093e00000, 0x0000000093e00000|100%| E|CS|TAMS 0x0000000093d00000, 0x0000000093d00000| Complete 
| 318|0x0000000093e00000, 0x0000000093f00000, 0x0000000093f00000|100%| E|CS|TAMS 0x0000000093e00000, 0x0000000093e00000| Complete 
| 319|0x0000000093f00000, 0x0000000094000000, 0x0000000094000000|100%| E|  |TAMS 0x0000000093f00000, 0x0000000093f00000| Complete 
| 320|0x0000000094000000, 0x0000000094100000, 0x0000000094100000|100%| E|CS|TAMS 0x0000000094000000, 0x0000000094000000| Complete 
| 321|0x0000000094100000, 0x0000000094200000, 0x0000000094200000|100%| E|CS|TAMS 0x0000000094100000, 0x0000000094100000| Complete 
| 322|0x0000000094200000, 0x0000000094300000, 0x0000000094300000|100%| E|CS|TAMS 0x0000000094200000, 0x0000000094200000| Complete 
| 323|0x0000000094300000, 0x0000000094400000, 0x0000000094400000|100%| E|CS|TAMS 0x0000000094300000, 0x0000000094300000| Complete 
| 324|0x0000000094400000, 0x0000000094500000, 0x0000000094500000|100%| E|CS|TAMS 0x0000000094400000, 0x0000000094400000| Complete 
| 325|0x0000000094500000, 0x0000000094600000, 0x0000000094600000|100%| E|CS|TAMS 0x0000000094500000, 0x0000000094500000| Complete 
| 326|0x0000000094600000, 0x0000000094700000, 0x0000000094700000|100%| E|CS|TAMS 0x0000000094600000, 0x0000000094600000| Complete 
| 327|0x0000000094700000, 0x0000000094800000, 0x0000000094800000|100%| E|CS|TAMS 0x0000000094700000, 0x0000000094700000| Complete 
| 328|0x0000000094800000, 0x0000000094900000, 0x0000000094900000|100%| E|CS|TAMS 0x0000000094800000, 0x0000000094800000| Complete 

Card table byte_map: [0x0000023f72af0000,0x0000023f72ef0000] _byte_map_base: 0x0000023f726f0000

Marking Bits (Prev, Next): (CMBitMap*) 0x0000023f6ed331e0, (CMBitMap*) 0x0000023f6ed33220
 Prev Bits: [0x0000023f732f0000, 0x0000023f752f0000)
 Next Bits: [0x0000023f752f0000, 0x0000023f772f0000)

Polling page: 0x0000023f6cc40000

Metaspace:

Usage:
  Non-class:    112.48 MB used.
      Class:     17.81 MB used.
       Both:    130.29 MB used.

Virtual space:
  Non-class space:      120.00 MB reserved,     113.00 MB ( 94%) committed,  15 nodes.
      Class space:        1.00 GB reserved,      18.31 MB (  2%) committed,  1 nodes.
             Both:        1.12 GB reserved,     131.31 MB ( 11%) committed. 

Chunk freelists:
   Non-Class:  2.61 MB
       Class:  1.54 MB
        Both:  4.15 MB

MaxMetaspaceSize: unlimited
CompressedClassSpaceSize: 1.00 GB
Initial GC threshold: 21.00 MB
Current GC threshold: 165.88 MB
CDS: off
MetaspaceReclaimPolicy: balanced
 - commit_granule_bytes: 65536.
 - commit_granule_words: 8192.
 - virtual_space_node_default_size: 1048576.
 - enlarge_chunks_in_place: 1.
 - new_chunks_are_fully_committed: 0.
 - uncommit_free_chunks: 1.
 - use_allocation_guard: 0.
 - handle_deallocations: 1.


Internal statistics:

num_allocs_failed_limit: 6.
num_arena_births: 1890.
num_arena_deaths: 0.
num_vsnodes_births: 16.
num_vsnodes_deaths: 0.
num_space_committed: 2100.
num_space_uncommitted: 0.
num_chunks_returned_to_freelist: 6.
num_chunks_taken_from_freelist: 7212.
num_chunk_merges: 6.
num_chunk_splits: 4582.
num_chunks_enlarged: 2844.
num_purges: 0.
num_inconsistent_stats: 0.

CodeHeap 'non-profiled nmethods': size=120000Kb used=10331Kb max_used=10331Kb free=109669Kb
 bounds [0x0000023f07ad0000, 0x0000023f084f0000, 0x0000023f0f000000]
CodeHeap 'profiled nmethods': size=120000Kb used=31869Kb max_used=31869Kb free=88130Kb
 bounds [0x0000023f00000000, 0x0000023f01f20000, 0x0000023f07530000]
CodeHeap 'non-nmethods': size=5760Kb used=2510Kb max_used=2557Kb free=3249Kb
 bounds [0x0000023f07530000, 0x0000023f077c0000, 0x0000023f07ad0000]
 total_blobs=17379 nmethods=16334 adapters=956
 compilation: enabled
              stopped_count=0, restarted_count=0
 full_count=0

Compilation events (20 events):
Event: 2906.741 Thread 0x0000023f7a89a900 nmethod 19384 0x0000023f01eee290 code [0x0000023f01eee4e0, 0x0000023f01eeec48]
Event: 2906.741 Thread 0x0000023f7a89a900 19385       2       com.android.tools.r8.internal.OV::b (348 bytes)
Event: 2906.743 Thread 0x0000023f7a89a900 nmethod 19385 0x0000023f01eef110 code [0x0000023f01eef500, 0x0000023f01ef0748]
Event: 2906.743 Thread 0x0000023f7a89a900 19386       2       com.android.tools.r8.ir.optimize.H::a (1486 bytes)
Event: 2906.749 Thread 0x0000023f7a89a900 nmethod 19386 0x0000023f01ef1290 code [0x0000023f01ef1ce0, 0x0000023f01ef5ef8]
Event: 2906.750 Thread 0x0000023f7a89a900 19393       2       com.android.tools.r8.internal.qq::<init> (18 bytes)
Event: 2906.750 Thread 0x0000023f7a89a900 nmethod 19393 0x0000023f01ef8910 code [0x0000023f01ef8aa0, 0x0000023f01ef8cd8]
Event: 2906.750 Thread 0x0000023f7a89a900 19394       2       com.android.tools.r8.internal.qq::k (9 bytes)
Event: 2906.750 Thread 0x0000023f7a89a900 nmethod 19394 0x0000023f01ef8d90 code [0x0000023f01ef8f20, 0x0000023f01ef9118]
Event: 2906.750 Thread 0x0000023f7a89a900 19383       2       com.android.tools.r8.internal.v00$$Lambda$1760/0x00000001010ed460::accept (12 bytes)
Event: 2906.750 Thread 0x0000023f7a89a900 nmethod 19383 0x0000023f01ef9210 code [0x0000023f01ef93c0, 0x0000023f01ef9528]
Event: 2906.750 Thread 0x0000023f7a89a900 19387       2       com.android.tools.r8.ir.regalloc.b$$Lambda$1788/0x0000000101102738::accept (8 bytes)
Event: 2906.750 Thread 0x0000023f7a89a900 nmethod 19387 0x0000023f01ef9610 code [0x0000023f01ef97c0, 0x0000023f01ef9968]
Event: 2906.750 Thread 0x0000023f7a89a900 19388       2       com.android.tools.r8.internal.x4::e (18 bytes)
Event: 2906.750 Thread 0x0000023f7a89a900 nmethod 19388 0x0000023f01ef9a90 code [0x0000023f01ef9c40, 0x0000023f01ef9da8]
Event: 2906.750 Thread 0x0000023f7a89a900 19390       2       com.android.tools.r8.dex.code.U1::<init> (16 bytes)
Event: 2906.751 Thread 0x0000023f7a89a900 nmethod 19390 0x0000023f01ef9e90 code [0x0000023f01efa020, 0x0000023f01efa148]
Event: 2906.751 Thread 0x0000023f7a89a900 19391       2       com.android.tools.r8.internal.Ss::e (111 bytes)
Event: 2906.751 Thread 0x0000023f7a89a900 nmethod 19391 0x0000023f01efa210 code [0x0000023f01efa3e0, 0x0000023f01efa698]
Event: 2906.751 Thread 0x0000023f7a89a900 19392       2       com.android.tools.r8.internal.Ss::f (116 bytes)

GC Heap History (20 events):
Event: 9.148 GC heap before
{Heap before GC invocations=51 (full 0):
 garbage-first heap   total 152576K, used 125154K [0x0000000080000000, 0x0000000100000000)
  region size 1024K, 35 young (35840K), 1 survivors (1024K)
 Metaspace       used 101250K, committed 101824K, reserved 1138688K
  class space    used 13741K, committed 14016K, reserved 1048576K
}
Event: 9.151 GC heap after
{Heap after GC invocations=52 (full 0):
 garbage-first heap   total 152576K, used 94434K [0x0000000080000000, 0x0000000100000000)
  region size 1024K, 5 young (5120K), 5 survivors (5120K)
 Metaspace       used 101250K, committed 101824K, reserved 1138688K
  class space    used 13741K, committed 14016K, reserved 1048576K
}
Event: 9.447 GC heap before
{Heap before GC invocations=53 (full 0):
 garbage-first heap   total 165888K, used 125154K [0x0000000080000000, 0x0000000100000000)
  region size 1024K, 35 young (35840K), 5 survivors (5120K)
 Metaspace       used 102102K, committed 102784K, reserved 1138688K
  class space    used 13831K, committed 14144K, reserved 1048576K
}
Event: 9.450 GC heap after
{Heap after GC invocations=54 (full 0):
 garbage-first heap   total 165888K, used 97687K [0x0000000080000000, 0x0000000100000000)
  region size 1024K, 4 young (4096K), 4 survivors (4096K)
 Metaspace       used 102102K, committed 102784K, reserved 1138688K
  class space    used 13831K, committed 14144K, reserved 1048576K
}
Event: 9.504 GC heap before
{Heap before GC invocations=54 (full 0):
 garbage-first heap   total 165888K, used 101783K [0x0000000080000000, 0x0000000100000000)
  region size 1024K, 8 young (8192K), 4 survivors (4096K)
 Metaspace       used 102558K, committed 103232K, reserved 1138688K
  class space    used 13938K, committed 14272K, reserved 1048576K
}
Event: 9.506 GC heap after
{Heap after GC invocations=55 (full 0):
 garbage-first heap   total 165888K, used 97928K [0x0000000080000000, 0x0000000100000000)
  region size 1024K, 1 young (1024K), 1 survivors (1024K)
 Metaspace       used 102558K, committed 103232K, reserved 1138688K
  class space    used 13938K, committed 14272K, reserved 1048576K
}
Event: 9.759 GC heap before
{Heap before GC invocations=55 (full 0):
 garbage-first heap   total 165888K, used 135816K [0x0000000080000000, 0x0000000100000000)
  region size 1024K, 38 young (38912K), 1 survivors (1024K)
 Metaspace       used 104338K, committed 105088K, reserved 1146880K
  class space    used 14225K, committed 14592K, reserved 1048576K
}
Event: 9.762 GC heap after
{Heap after GC invocations=56 (full 0):
 garbage-first heap   total 336896K, used 101966K [0x0000000080000000, 0x0000000100000000)
  region size 1024K, 5 young (5120K), 5 survivors (5120K)
 Metaspace       used 104338K, committed 105088K, reserved 1146880K
  class space    used 14225K, committed 14592K, reserved 1048576K
}
Event: 10.369 GC heap before
{Heap before GC invocations=56 (full 0):
 garbage-first heap   total 336896K, used 259662K [0x0000000080000000, 0x0000000100000000)
  region size 1024K, 160 young (163840K), 5 survivors (5120K)
 Metaspace       used 106478K, committed 107328K, reserved 1146880K
  class space    used 14557K, committed 14976K, reserved 1048576K
}
Event: 10.376 GC heap after
{Heap after GC invocations=57 (full 0):
 garbage-first heap   total 336896K, used 111979K [0x0000000080000000, 0x0000000100000000)
  region size 1024K, 15 young (15360K), 15 survivors (15360K)
 Metaspace       used 106478K, committed 107328K, reserved 1146880K
  class space    used 14557K, committed 14976K, reserved 1048576K
}
Event: 10.756 GC heap before
{Heap before GC invocations=57 (full 0):
 garbage-first heap   total 336896K, used 258411K [0x0000000080000000, 0x0000000100000000)
  region size 1024K, 159 young (162816K), 15 survivors (15360K)
 Metaspace       used 106683K, committed 107456K, reserved 1146880K
  class space    used 14569K, committed 14976K, reserved 1048576K
}
Event: 10.764 GC heap after
{Heap after GC invocations=58 (full 0):
 garbage-first heap   total 336896K, used 119550K [0x0000000080000000, 0x0000000100000000)
  region size 1024K, 18 young (18432K), 18 survivors (18432K)
 Metaspace       used 106683K, committed 107456K, reserved 1146880K
  class space    used 14569K, committed 14976K, reserved 1048576K
}
Event: 792.083 GC heap before
{Heap before GC invocations=58 (full 0):
 garbage-first heap   total 336896K, used 265982K [0x0000000080000000, 0x0000000100000000)
  region size 1024K, 162 young (165888K), 18 survivors (18432K)
 Metaspace       used 108134K, committed 108992K, reserved 1146880K
  class space    used 14741K, committed 15168K, reserved 1048576K
}
Event: 792.091 GC heap after
{Heap after GC invocations=59 (full 0):
 garbage-first heap   total 336896K, used 124053K [0x0000000080000000, 0x0000000100000000)
  region size 1024K, 14 young (14336K), 14 survivors (14336K)
 Metaspace       used 108134K, committed 108992K, reserved 1146880K
  class space    used 14741K, committed 15168K, reserved 1048576K
}
Event: 2510.098 GC heap before
{Heap before GC invocations=59 (full 0):
 garbage-first heap   total 336896K, used 272533K [0x0000000080000000, 0x0000000100000000)
  region size 1024K, 160 young (163840K), 14 survivors (14336K)
 Metaspace       used 108738K, committed 109568K, reserved 1146880K
  class space    used 14772K, committed 15168K, reserved 1048576K
}
Event: 2510.105 GC heap after
{Heap after GC invocations=60 (full 0):
 garbage-first heap   total 336896K, used 129863K [0x0000000080000000, 0x0000000100000000)
  region size 1024K, 12 young (12288K), 12 survivors (12288K)
 Metaspace       used 108738K, committed 109568K, reserved 1146880K
  class space    used 14772K, committed 15168K, reserved 1048576K
}
Event: 2520.588 GC heap before
{Heap before GC invocations=60 (full 0):
 garbage-first heap   total 336896K, used 278343K [0x0000000080000000, 0x0000000100000000)
  region size 1024K, 157 young (160768K), 12 survivors (12288K)
 Metaspace       used 129828K, committed 130816K, reserved 1163264K
  class space    used 17798K, committed 18304K, reserved 1048576K
}
Event: 2520.595 GC heap after
{Heap after GC invocations=61 (full 0):
 garbage-first heap   total 336896K, used 137278K [0x0000000080000000, 0x0000000100000000)
  region size 1024K, 14 young (14336K), 14 survivors (14336K)
 Metaspace       used 129828K, committed 130816K, reserved 1163264K
  class space    used 17798K, committed 18304K, reserved 1048576K
}
Event: 2906.586 GC heap before
{Heap before GC invocations=61 (full 0):
 garbage-first heap   total 336896K, used 298046K [0x0000000080000000, 0x0000000100000000)
  region size 1024K, 152 young (155648K), 14 survivors (14336K)
 Metaspace       used 133059K, committed 134080K, reserved 1171456K
  class space    used 18235K, committed 18752K, reserved 1048576K
}
Event: 2906.594 GC heap after
{Heap after GC invocations=62 (full 0):
 garbage-first heap   total 336896K, used 142205K [0x0000000080000000, 0x0000000100000000)
  region size 1024K, 17 young (17408K), 17 survivors (17408K)
 Metaspace       used 133059K, committed 134080K, reserved 1171456K
  class space    used 18235K, committed 18752K, reserved 1048576K
}

Dll operation events (2 events):
Event: 0.007 Loaded shared library C:\Program Files\Android\Android Studio\jbr\bin\java.dll
Event: 0.317 Loaded shared library C:\Program Files\Android\Android Studio\jbr\bin\verify.dll

Deoptimization events (20 events):
Event: 2906.540 Thread 0x0000023f7b95c7f0 DEOPT PACKING pc=0x0000023f011f4402 sp=0x000000864befcd40
Event: 2906.540 Thread 0x0000023f7b95c7f0 DEOPT UNPACKING pc=0x0000023f0758ace3 sp=0x000000864befc1d0 mode 0
Event: 2906.557 Thread 0x0000023f7e429100 Uncommon trap: trap_request=0xffffffde fr.pc=0x0000023f07ea5028 relative=0x0000000000000088
Event: 2906.557 Thread 0x0000023f7e429100 Uncommon trap: reason=class_check action=maybe_recompile pc=0x0000023f07ea5028 method=java.security.MessageDigest$Delegate.engineDigest([BII)I @ 7 c2
Event: 2906.557 Thread 0x0000023f7e429100 DEOPT PACKING pc=0x0000023f07ea5028 sp=0x000000864c0fce90
Event: 2906.557 Thread 0x0000023f7e429100 DEOPT UNPACKING pc=0x0000023f0758a1a3 sp=0x000000864c0fcda8 mode 2
Event: 2906.559 Thread 0x0000023f7b95c7f0 DEOPT PACKING pc=0x0000023f011f4402 sp=0x000000864befcd40
Event: 2906.559 Thread 0x0000023f7b95c7f0 DEOPT UNPACKING pc=0x0000023f0758ace3 sp=0x000000864befc1d0 mode 0
Event: 2906.567 Thread 0x0000023f7b95c7f0 Uncommon trap: trap_request=0xffffffde fr.pc=0x0000023f07ea5028 relative=0x0000000000000088
Event: 2906.567 Thread 0x0000023f7b95c7f0 Uncommon trap: reason=class_check action=maybe_recompile pc=0x0000023f07ea5028 method=java.security.MessageDigest$Delegate.engineDigest([BII)I @ 7 c2
Event: 2906.567 Thread 0x0000023f7b95c7f0 DEOPT PACKING pc=0x0000023f07ea5028 sp=0x000000864befcba0
Event: 2906.567 Thread 0x0000023f7b95c7f0 DEOPT UNPACKING pc=0x0000023f0758a1a3 sp=0x000000864befcab8 mode 2
Event: 2906.605 Thread 0x0000023f7b95c320 DEOPT PACKING pc=0x0000023f011f4402 sp=0x000000864bdfbe40
Event: 2906.605 Thread 0x0000023f7b95c320 DEOPT UNPACKING pc=0x0000023f0758ace3 sp=0x000000864bdfb2d0 mode 0
Event: 2906.622 Thread 0x0000023f7b95ccc0 DEOPT PACKING pc=0x0000023f011f4402 sp=0x000000864bcfc7f0
Event: 2906.622 Thread 0x0000023f7b95ccc0 DEOPT UNPACKING pc=0x0000023f0758ace3 sp=0x000000864bcfbc80 mode 0
Event: 2906.668 Thread 0x0000023f7b95ccc0 DEOPT PACKING pc=0x0000023f011f4402 sp=0x000000864bcfca80
Event: 2906.668 Thread 0x0000023f7b95ccc0 DEOPT UNPACKING pc=0x0000023f0758ace3 sp=0x000000864bcfbf10 mode 0
Event: 2906.705 Thread 0x0000023f7b95ccc0 DEOPT PACKING pc=0x0000023f011f4402 sp=0x000000864bcfc1c0
Event: 2906.705 Thread 0x0000023f7b95ccc0 DEOPT UNPACKING pc=0x0000023f0758ace3 sp=0x000000864bcfb650 mode 0

Classes unloaded (0 events):
No events

Classes redefined (0 events):
No events

Internal exceptions (20 events):
Event: 2901.766 Thread 0x0000023f7df37370 Exception <a 'sun/nio/fs/WindowsException'{0x000000008eb1f7e8}> (0x000000008eb1f7e8) 
thrown [s\src\hotspot\share\prims\jni.cpp, line 517]
Event: 2901.766 Thread 0x0000023f7df37370 Exception <a 'sun/nio/fs/WindowsException'{0x000000008eb20660}> (0x000000008eb20660) 
thrown [s\src\hotspot\share\prims\jni.cpp, line 517]
Event: 2901.766 Thread 0x0000023f7df37370 Exception <a 'sun/nio/fs/WindowsException'{0x000000008eb214d8}> (0x000000008eb214d8) 
thrown [s\src\hotspot\share\prims\jni.cpp, line 517]
Event: 2901.852 Thread 0x0000023f7d194ec0 Exception <a 'java/lang/InterruptedException'{0x000000008dff1718}> (0x000000008dff1718) 
thrown [s\src\hotspot\share\runtime\objectMonitor.cpp, line 1648]
Event: 2906.507 Thread 0x0000023f7b95be50 Exception <a 'sun/nio/fs/WindowsException'{0x000000008d333128}> (0x000000008d333128) 
thrown [s\src\hotspot\share\prims\jni.cpp, line 517]
Event: 2906.507 Thread 0x0000023f7b95ccc0 Exception <a 'sun/nio/fs/WindowsException'{0x000000008d371d80}> (0x000000008d371d80) 
thrown [s\src\hotspot\share\prims\jni.cpp, line 517]
Event: 2906.508 Thread 0x0000023f7b95c320 Exception <a 'sun/nio/fs/WindowsException'{0x000000008d20b0b8}> (0x000000008d20b0b8) 
thrown [s\src\hotspot\share\prims\jni.cpp, line 517]
Event: 2906.512 Thread 0x0000023f7e429100 Exception <a 'sun/nio/fs/WindowsException'{0x000000008d00ac10}> (0x000000008d00ac10) 
thrown [s\src\hotspot\share\prims\jni.cpp, line 517]
Event: 2906.514 Thread 0x0000023f7e429aa0 Exception <a 'sun/nio/fs/WindowsException'{0x000000008cf38388}> (0x000000008cf38388) 
thrown [s\src\hotspot\share\prims\jni.cpp, line 517]
Event: 2906.515 Thread 0x0000023f7b95c7f0 Exception <a 'sun/nio/fs/WindowsException'{0x000000008cfa6ac8}> (0x000000008cfa6ac8) 
thrown [s\src\hotspot\share\prims\jni.cpp, line 517]
Event: 2906.526 Thread 0x0000023f7e429aa0 Exception <a 'sun/nio/fs/WindowsException'{0x000000008c8f11d8}> (0x000000008c8f11d8) 
thrown [s\src\hotspot\share\prims\jni.cpp, line 517]
Event: 2906.529 Thread 0x0000023f7b95be50 Exception <a 'sun/nio/fs/WindowsException'{0x000000008caa0fb8}> (0x000000008caa0fb8) 
thrown [s\src\hotspot\share\prims\jni.cpp, line 517]
Event: 2906.557 Thread 0x0000023f7e429100 Exception <a 'sun/nio/fs/WindowsException'{0x000000008c2f6c00}> (0x000000008c2f6c00) 
thrown [s\src\hotspot\share\prims\jni.cpp, line 517]
Event: 2906.569 Thread 0x0000023f7b95c7f0 Exception <a 'sun/nio/fs/WindowsException'{0x000000008c1b2dc0}> (0x000000008c1b2dc0) 
thrown [s\src\hotspot\share\prims\jni.cpp, line 517]
Event: 2906.578 Thread 0x0000023f7b95c7f0 Exception <a 'sun/nio/fs/WindowsException'{0x000000008bf44350}> (0x000000008bf44350) 
thrown [s\src\hotspot\share\prims\jni.cpp, line 517]
Event: 2906.601 Thread 0x0000023f7b95c7f0 Exception <a 'sun/nio/fs/WindowsException'{0x00000000948abf28}> (0x00000000948abf28) 
thrown [s\src\hotspot\share\prims\jni.cpp, line 517]
Event: 2906.667 Thread 0x0000023f7b95c320 Exception <a 'sun/nio/fs/WindowsException'{0x0000000093fa2bb0}> (0x0000000093fa2bb0) 
thrown [s\src\hotspot\share\prims\jni.cpp, line 517]
Event: 2906.670 Thread 0x0000023f7b95c320 Exception <a 'sun/nio/fs/WindowsException'{0x0000000093fea6e8}> (0x0000000093fea6e8) 
thrown [s\src\hotspot\share\prims\jni.cpp, line 517]
Event: 2906.672 Thread 0x0000023f7b95c320 Exception <a 'sun/nio/fs/WindowsException'{0x0000000093ff41a8}> (0x0000000093ff41a8) 
thrown [s\src\hotspot\share\prims\jni.cpp, line 517]
Event: 2906.674 Thread 0x0000023f7b95c320 Exception <a 'sun/nio/fs/WindowsException'{0x0000000093ed5548}> (0x0000000093ed5548) 
thrown [s\src\hotspot\share\prims\jni.cpp, line 517]

VM Operations (20 events):
Event: 2521.965 Executing VM operation: Cleanup
Event: 2521.965 Executing VM operation: Cleanup done
Event: 2542.171 Executing VM operation: Cleanup
Event: 2542.171 Executing VM operation: Cleanup done
Event: 2571.519 Executing VM operation: Cleanup
Event: 2571.519 Executing VM operation: Cleanup done
Event: 2591.674 Executing VM operation: Cleanup
Event: 2591.674 Executing VM operation: Cleanup done
Event: 2762.229 Executing VM operation: Cleanup
Event: 2762.229 Executing VM operation: Cleanup done
Event: 2811.627 Executing VM operation: Cleanup
Event: 2811.627 Executing VM operation: Cleanup done
Event: 2901.847 Executing VM operation: ICBufferFull
Event: 2901.847 Executing VM operation: ICBufferFull done
Event: 2902.857 Executing VM operation: Cleanup
Event: 2902.857 Executing VM operation: Cleanup done
Event: 2906.543 Executing VM operation: ICBufferFull
Event: 2906.545 Executing VM operation: ICBufferFull done
Event: 2906.586 Executing VM operation: G1CollectForAllocation
Event: 2906.595 Executing VM operation: G1CollectForAllocation done

Events (20 events):
Event: 2902.616 Thread 0x0000023f7d193380 Thread added: 0x0000023f7d193380
Event: 2902.643 loading class java/rmi/server/Unreferenced
Event: 2902.643 loading class java/rmi/server/Unreferenced done
Event: 2905.003 Thread 0x0000023f14e720a0 Thread exited: 0x0000023f14e720a0
Event: 2906.372 Thread 0x0000023f14e734e0 Thread exited: 0x0000023f14e734e0
Event: 2906.481 Thread 0x0000023f148bb6d0 Thread added: 0x0000023f148bb6d0
Event: 2906.484 Thread 0x0000023f148bacb0 Thread added: 0x0000023f148bacb0
Event: 2906.504 Thread 0x0000023f7b95ccc0 Thread added: 0x0000023f7b95ccc0
Event: 2906.505 Thread 0x0000023f7b95c320 Thread added: 0x0000023f7b95c320
Event: 2906.505 Thread 0x0000023f7b95c7f0 Thread added: 0x0000023f7b95c7f0
Event: 2906.506 Thread 0x0000023f7b95b980 Thread added: 0x0000023f7b95b980
Event: 2906.508 Thread 0x0000023f7e429100 Thread added: 0x0000023f7e429100
Event: 2906.509 Thread 0x0000023f7e428c30 Thread added: 0x0000023f7e428c30
Event: 2906.510 Thread 0x0000023f7e429aa0 Thread added: 0x0000023f7e429aa0
Event: 2906.510 Thread 0x0000023f7e4295d0 Thread added: 0x0000023f7e4295d0
Event: 2906.511 Thread 0x0000023f7e428290 Thread added: 0x0000023f7e428290
Event: 2906.511 Thread 0x0000023f7e428760 Thread added: 0x0000023f7e428760
Event: 2906.513 Thread 0x0000023f7eeebff0 Thread added: 0x0000023f7eeebff0
Event: 2906.513 Thread 0x0000023f7eeeb650 Thread added: 0x0000023f7eeeb650
Event: 2906.601 Thread 0x0000023f7d194ec0 Thread exited: 0x0000023f7d194ec0


Dynamic libraries:
0x00007ff6ded20000 - 0x00007ff6ded2a000 	C:\Program Files\Android\Android Studio\jbr\bin\java.exe
0x00007ff87acf0000 - 0x00007ff87af07000 	C:\Windows\SYSTEM32\ntdll.dll
0x00007ff879870000 - 0x00007ff879934000 	C:\Windows\System32\KERNEL32.DLL
0x00007ff8784e0000 - 0x00007ff878885000 	C:\Windows\System32\KERNELBASE.dll
0x00007ff878180000 - 0x00007ff878291000 	C:\Windows\System32\ucrtbase.dll
0x00007ff870fa0000 - 0x00007ff870fb7000 	C:\Program Files\Android\Android Studio\jbr\bin\jli.dll
0x00007ff86dc00000 - 0x00007ff86dc1b000 	C:\Program Files\Android\Android Studio\jbr\bin\VCRUNTIME140.dll
0x00007ff87a180000 - 0x00007ff87a32e000 	C:\Windows\System32\USER32.dll
0x00007ff8782a0000 - 0x00007ff8782c6000 	C:\Windows\System32\win32u.dll
0x00007ff86d330000 - 0x00007ff86d5c3000 	C:\Windows\WinSxS\amd64_microsoft.windows.common-controls_6595b64144ccf1df_6.0.22621.2506_none_270c5ae97388e100\COMCTL32.dll
0x00007ff87a330000 - 0x00007ff87a359000 	C:\Windows\System32\GDI32.dll
0x00007ff878060000 - 0x00007ff878179000 	C:\Windows\System32\gdi32full.dll
0x00007ff87a620000 - 0x00007ff87a6c7000 	C:\Windows\System32\msvcrt.dll
0x00007ff878440000 - 0x00007ff8784da000 	C:\Windows\System32\msvcp_win.dll
0x00007ff879830000 - 0x00007ff879861000 	C:\Windows\System32\IMM32.DLL
0x00007ff86ccd0000 - 0x00007ff86ccdc000 	C:\Program Files\Android\Android Studio\jbr\bin\vcruntime140_1.dll
0x00007ff857b50000 - 0x00007ff857bdd000 	C:\Program Files\Android\Android Studio\jbr\bin\msvcp140.dll
0x00007ff83b400000 - 0x00007ff83c06e000 	C:\Program Files\Android\Android Studio\jbr\bin\server\jvm.dll
0x00007ff8795d0000 - 0x00007ff879681000 	C:\Windows\System32\ADVAPI32.dll
0x00007ff879bb0000 - 0x00007ff879c56000 	C:\Windows\System32\sechost.dll
0x00007ff879710000 - 0x00007ff879827000 	C:\Windows\System32\RPCRT4.dll
0x00007ff86b8e0000 - 0x00007ff86b914000 	C:\Windows\SYSTEM32\WINMM.dll
0x00007ff86fc90000 - 0x00007ff86fc9a000 	C:\Windows\SYSTEM32\VERSION.dll
0x00007ff8753c0000 - 0x00007ff8753c9000 	C:\Windows\SYSTEM32\WSOCK32.dll
0x00007ff879c70000 - 0x00007ff879ce1000 	C:\Windows\System32\WS2_32.dll
0x00007ff8770f0000 - 0x00007ff877108000 	C:\Windows\SYSTEM32\kernel.appcore.dll
0x00007ff872500000 - 0x00007ff87250a000 	C:\Program Files\Android\Android Studio\jbr\bin\jimage.dll
0x00007ff865aa0000 - 0x00007ff865cd3000 	C:\Windows\SYSTEM32\DBGHELP.DLL
0x00007ff87a7d0000 - 0x00007ff87ab59000 	C:\Windows\System32\combase.dll
0x00007ff8792c0000 - 0x00007ff879397000 	C:\Windows\System32\OLEAUT32.dll
0x00007ff85d640000 - 0x00007ff85d672000 	C:\Windows\SYSTEM32\dbgcore.DLL
0x00007ff8789c0000 - 0x00007ff878a3a000 	C:\Windows\System32\bcryptPrimitives.dll
0x00007ff8724d0000 - 0x00007ff8724f5000 	C:\Program Files\Android\Android Studio\jbr\bin\java.dll
0x00007ff8724b0000 - 0x00007ff8724c8000 	C:\Program Files\Android\Android Studio\jbr\bin\zip.dll
0x00007ff878a60000 - 0x00007ff8792b9000 	C:\Windows\System32\SHELL32.dll
0x00007ff875f90000 - 0x00007ff876884000 	C:\Windows\SYSTEM32\windows.storage.dll
0x00007ff875e50000 - 0x00007ff875f8e000 	C:\Windows\SYSTEM32\wintypes.dll
0x00007ff87a6d0000 - 0x00007ff87a7c3000 	C:\Windows\System32\SHCORE.dll
0x00007ff87ab80000 - 0x00007ff87abde000 	C:\Windows\System32\shlwapi.dll
0x00007ff877f90000 - 0x00007ff877fb6000 	C:\Windows\SYSTEM32\profapi.dll
0x00007ff872490000 - 0x00007ff8724a9000 	C:\Program Files\Android\Android Studio\jbr\bin\net.dll
0x00007ff871db0000 - 0x00007ff871ee7000 	C:\Windows\SYSTEM32\WINHTTP.dll
0x00007ff8775d0000 - 0x00007ff877639000 	C:\Windows\system32\mswsock.dll
0x00007ff872470000 - 0x00007ff872486000 	C:\Program Files\Android\Android Studio\jbr\bin\nio.dll
0x00007ff8723d0000 - 0x00007ff8723e0000 	C:\Program Files\Android\Android Studio\jbr\bin\verify.dll
0x00007ff86e140000 - 0x00007ff86e167000 	C:\Users\STR\.gradle\native\68d5fa5c4cc2d200863cafc0d521ce42e7d3e7ee720ec0a83991735586a16f82\windows-amd64\native-platform.dll
0x00007ff84bac0000 - 0x00007ff84bc04000 	C:\Users\STR\.gradle\native\e376f236ea51e6404a007f0833ffe2c6e607c4080706a723a18a27aeea778392\windows-amd64\native-platform-file-events.dll
0x00007ff8723b0000 - 0x00007ff8723b9000 	C:\Program Files\Android\Android Studio\jbr\bin\management.dll
0x00007ff86ed00000 - 0x00007ff86ed0b000 	C:\Program Files\Android\Android Studio\jbr\bin\management_ext.dll
0x00007ff87a170000 - 0x00007ff87a178000 	C:\Windows\System32\PSAPI.DLL
0x00007ff877820000 - 0x00007ff87783b000 	C:\Windows\SYSTEM32\CRYPTSP.dll
0x00007ff8770b0000 - 0x00007ff8770e5000 	C:\Windows\system32\rsaenh.dll
0x00007ff8776c0000 - 0x00007ff8776ec000 	C:\Windows\SYSTEM32\USERENV.dll
0x00007ff877a10000 - 0x00007ff877a38000 	C:\Windows\SYSTEM32\bcrypt.dll
0x00007ff877840000 - 0x00007ff87784c000 	C:\Windows\SYSTEM32\CRYPTBASE.dll
0x00007ff876b60000 - 0x00007ff876b8d000 	C:\Windows\SYSTEM32\IPHLPAPI.DLL
0x00007ff879940000 - 0x00007ff879949000 	C:\Windows\System32\NSI.dll
0x00007ff871f80000 - 0x00007ff871f99000 	C:\Windows\SYSTEM32\dhcpcsvc6.DLL
0x00007ff871f60000 - 0x00007ff871f7f000 	C:\Windows\SYSTEM32\dhcpcsvc.DLL
0x00007ff876bd0000 - 0x00007ff876cc9000 	C:\Windows\SYSTEM32\DNSAPI.dll
0x00007ff86e240000 - 0x00007ff86e248000 	C:\Windows\system32\wshunix.dll
0x00007ff871f50000 - 0x00007ff871f5a000 	C:\Windows\System32\rasadhlp.dll
0x00007ff871110000 - 0x00007ff871193000 	C:\Windows\System32\fwpuclnt.dll
0x00007ff85ab70000 - 0x00007ff85ab87000 	C:\Windows\system32\napinsp.dll
0x00007ff859210000 - 0x00007ff85922b000 	C:\Windows\system32\pnrpnsp.dll
0x00007ff857be0000 - 0x00007ff857bf1000 	C:\Windows\System32\winrnr.dll
0x00007ff8520f0000 - 0x00007ff852105000 	C:\Windows\system32\wshbth.dll
0x00007ff868260000 - 0x00007ff868281000 	C:\Windows\system32\nlansp_c.dll
0x00007ff85b800000 - 0x00007ff85b81e000 	C:\Users\STR\AppData\Local\Temp\native-platform10306986820048438087dir\native-platform.dll
0x00007ff85e860000 - 0x00007ff85e867000 	C:\Program Files\Android\Android Studio\jbr\bin\rmi.dll

dbghelp: loaded successfully - version: 4.0.5 - missing functions: none
symbol engine: initialized successfully - sym options: 0x614 - pdb path: .;C:\Program Files\Android\Android Studio\jbr\bin;C:\Windows\SYSTEM32;C:\Windows\WinSxS\amd64_microsoft.windows.common-controls_6595b64144ccf1df_6.0.22621.2506_none_270c5ae97388e100;C:\Program Files\Android\Android Studio\jbr\bin\server;C:\Users\STR\.gradle\native\68d5fa5c4cc2d200863cafc0d521ce42e7d3e7ee720ec0a83991735586a16f82\windows-amd64;C:\Users\STR\.gradle\native\e376f236ea51e6404a007f0833ffe2c6e607c4080706a723a18a27aeea778392\windows-amd64;C:\Users\STR\AppData\Local\Temp\native-platform10306986820048438087dir

VM Arguments:
jvm_args: --add-opens=java.base/java.util=ALL-UNNAMED --add-opens=java.base/java.lang=ALL-UNNAMED --add-opens=java.base/java.lang.invoke=ALL-UNNAMED --add-opens=java.prefs/java.util.prefs=ALL-UNNAMED --add-opens=java.base/java.nio.charset=ALL-UNNAMED --add-opens=java.base/java.net=ALL-UNNAMED --add-opens=java.base/java.util.concurrent.atomic=ALL-UNNAMED -Xmx2048m -Dfile.encoding=UTF-8 -Duser.country=US -Duser.language=en -Duser.variant 
java_command: org.gradle.launcher.daemon.bootstrap.GradleDaemon 8.0
java_class_path (initial): C:\Users\STR\.gradle\wrapper\dists\gradle-8.0-bin\ca5e32bp14vu59qr306oxotwh\gradle-8.0\lib\gradle-launcher-8.0.jar
Launcher Type: SUN_STANDARD

[Global flags]
     intx CICompilerCount                          = 4                                         {product} {ergonomic}
     uint ConcGCThreads                            = 3                                         {product} {ergonomic}
     uint G1ConcRefinementThreads                  = 10                                        {product} {ergonomic}
   size_t G1HeapRegionSize                         = 1048576                                   {product} {ergonomic}
    uintx GCDrainStackTargetSize                   = 64                                        {product} {ergonomic}
   size_t InitialHeapSize                          = 266338304                                 {product} {ergonomic}
   size_t MarkStackSize                            = 4194304                                   {product} {ergonomic}
   size_t MaxHeapSize                              = 2147483648                                {product} {command line}
   size_t MaxNewSize                               = 1287651328                                {product} {ergonomic}
   size_t MinHeapDeltaBytes                        = 1048576                                   {product} {ergonomic}
   size_t MinHeapSize                              = 8388608                                   {product} {ergonomic}
    uintx NonNMethodCodeHeapSize                   = 5839372                                {pd product} {ergonomic}
    uintx NonProfiledCodeHeapSize                  = 122909434                              {pd product} {ergonomic}
    uintx ProfiledCodeHeapSize                     = 122909434                              {pd product} {ergonomic}
    uintx ReservedCodeCacheSize                    = 251658240                              {pd product} {ergonomic}
     bool SegmentedCodeCache                       = true                                      {product} {ergonomic}
   size_t SoftMaxHeapSize                          = 2147483648                             {manageable} {ergonomic}
     bool UseCompressedClassPointers               = true                           {product lp64_product} {ergonomic}
     bool UseCompressedOops                        = true                           {product lp64_product} {ergonomic}
     bool UseG1GC                                  = true                                      {product} {ergonomic}
     bool UseLargePagesIndividualAllocation        = false                                  {pd product} {ergonomic}

Logging:
Log output configuration:
 #0: stdout all=warning uptime,level,tags
 #1: stderr all=off uptime,level,tags

Environment Variables:
PATH=C:\Windows\system32;C:\Windows;C:\Windows\System32\Wbem;C:\Windows\System32\WindowsPowerShell\v1.0\;C:\Windows\System32\OpenSSH\;C:\ffmpeg\bin;;C:\Program Files (x86)\NVIDIA Corporation\PhysX\Common;C:\Users\STR\AppData\Local\Programs\Python\Launcher\;C:\Users\STR\AppData\Local\Microsoft\WindowsApps;C:\Users\STR\AppData\Local\spicetify;C:\ffmpeg\bin;
USERNAME=STR
OS=Windows_NT
PROCESSOR_IDENTIFIER=Intel64 Family 6 Model 167 Stepping 1, GenuineIntel
TMP=C:\Users\STR\AppData\Local\Temp
TEMP=C:\Users\STR\AppData\Local\Temp


JNI global refs:
JNI global refs: 28, weak refs: 19

JNI global refs memory usage: 843, weak refs: 841


---------------  S Y S T E M  ---------------

OS:
 Windows 11 , 64 bit Build 22621 (10.0.22621.2506)
OS uptime: 3 days 23:08 hours

CPU: total 12 (initial active 12) (6 cores per cpu, 2 threads per core) family 6 model 167 stepping 1 microcode 0x58, cx8, cmov, fxsr, ht, mmx, 3dnowpref, sse, sse2, sse3, ssse3, sse4.1, sse4.2, popcnt, lzcnt, tsc, tscinvbit, avx, avx2, aes, erms, clmul, bmi1, bmi2, adx, avx512f, avx512dq, avx512cd, avx512bw, avx512vl, sha, fma, vzeroupper, avx512_vpopcntdq, avx512_vpclmulqdq, avx512_vaes, avx512_vnni, clflush, clflushopt, avx512_vbmi2, avx512_vbmi

Memory: 4k page, system-wide physical 16251M (2621M free)
TotalPageFile size 20251M (AvailPageFile size 4M)
current process WorkingSet (physical memory assigned to process): 564M, peak: 642M
current process commit charge ("private bytes"): 712M, peak: 720M

vm_info: OpenJDK 64-Bit Server VM (17.0.6+0-b2043.56-10027231) for windows-amd64 JRE (17.0.6+0-b2043.56-10027231), built on Apr 28 2023 00:43:19 by "androidbuild" with MS VC++ 16.10 / 16.11 (VS2019)

END.
