#
# There is insufficient memory for the Java Runtime Environment to continue.
# Native memory allocation (mmap) failed to map 266338304 bytes for G1 virtual space
# Possible reasons:
#   The system is out of physical RAM or swap space
#   The process is running with CompressedOops enabled, and the Java Heap may be blocking the growth of the native heap
# Possible solutions:
#   Reduce memory load on the system
#   Increase physical memory or swap space
#   Check if swap backing store is full
#   Decrease Java heap size (-Xmx/-Xms)
#   Decrease number of Java threads
#   Decrease Java thread stack sizes (-Xss)
#   Set larger code cache with -XX:ReservedCodeCacheSize=
#   JVM is running with Zero Based Compressed Oops mode in which the Java heap is
#     placed in the first 32GB address space. The Java Heap base address is the
#     maximum limit for the native heap growth. Please use -XX:HeapBaseMinAddress
#     to set the Java Heap base and to place the Java Heap above 32GB virtual address.
# This output file may be truncated or incomplete.
#
#  Out of Memory Error (os_windows.cpp:3769), pid=16532, tid=14792
#
# JRE version:  (17.0.6) (build )
# Java VM: OpenJDK 64-Bit Server VM (17.0.6+0-b2043.56-10027231, mixed mode, sharing, tiered, compressed oops, compressed class ptrs, g1 gc, windows-amd64)
# No core dump will be written. Minidumps are not enabled by default on client versions of Windows
#

---------------  S U M M A R Y ------------

Command Line: org.jetbrains.kotlin.cli.jvm.K2JVMCompiler @C:\Users\STR\Desktop\salida\20231205_4528817371104272176.compiler.options

Host: 11th Gen Intel(R) Core(TM) i5-11400F @ 2.60GHz, 12 cores, 15G,  Windows 11 , 64 bit Build 22621 (10.0.22621.2506)
Time: Tue Dec  5 19:34:31 2023 Pacific SA Daylight Time elapsed time: 0.008303 seconds (0d 0h 0m 0s)

---------------  T H R E A D  ---------------

Current thread (0x0000021b05071d20):  JavaThread "Unknown thread" [_thread_in_vm, id=14792, stack(0x000000af5fb00000,0x000000af5fc00000)]

Stack: [0x000000af5fb00000,0x000000af5fc00000]
Native frames: (J=compiled Java code, j=interpreted, Vv=VM code, C=native code)
V  [jvm.dll+0x683c9a]
V  [jvm.dll+0x8427a4]
V  [jvm.dll+0x843f9e]
V  [jvm.dll+0x844603]
V  [jvm.dll+0x249b75]
V  [jvm.dll+0x680b69]
V  [jvm.dll+0x67505a]
V  [jvm.dll+0x309acb]
V  [jvm.dll+0x310f86]
V  [jvm.dll+0x3608ee]
V  [jvm.dll+0x360b1f]
V  [jvm.dll+0x2dfbf8]
V  [jvm.dll+0x2e0b64]
V  [jvm.dll+0x814091]
V  [jvm.dll+0x36e6a1]
V  [jvm.dll+0x7f35cc]
V  [jvm.dll+0x3f0e8f]
V  [jvm.dll+0x3f29d1]
C  [jli.dll+0x526b]
C  [ucrtbase.dll+0x29363]
C  [KERNEL32.DLL+0x1257d]
C  [ntdll.dll+0x5aa58]


---------------  P R O C E S S  ---------------

Threads class SMR info:
_java_thread_list=0x00007fffad60c058, length=0, elements={
}

Java Threads: ( => current thread )

Other Threads:
  0x0000021b050de2d0 GCTaskThread "GC Thread#0" [stack: 0x000000af5fc00000,0x000000af5fd00000] [id=4576]
  0x0000021b050ef010 ConcurrentGCThread "G1 Main Marker" [stack: 0x000000af5fd00000,0x000000af5fe00000] [id=5596]
  0x0000021b050f01c0 ConcurrentGCThread "G1 Conc#0" [stack: 0x000000af5fe00000,0x000000af5ff00000] [id=9624]

[error occurred during error reporting (printing all threads), id 0xc0000005, EXCEPTION_ACCESS_VIOLATION (0xc0000005) at pc=0x00007fffacdc0797]

VM state: not at safepoint (not fully initialized)

VM Mutex/Monitor currently owned by a thread:  ([mutex/lock_event])
[0x0000021b0506cab0] Heap_lock - owner thread: 0x0000021b05071d20

Heap address: 0x0000000702000000, size: 4064 MB, Compressed Oops mode: Zero based, Oop shift amount: 3

CDS archive(s) mapped at: [0x0000000000000000-0x0000000000000000-0x0000000000000000), size 0, SharedBaseAddress: 0x0000000800000000, ArchiveRelocationMode: 0.
Narrow klass base: 0x0000000000000000, Narrow klass shift: 0, Narrow klass range: 0x0

GC Precious Log:
<Empty>

Heap:
 garbage-first heap   total 0K, used 0K [0x0000000702000000, 0x0000000800000000)
  region size 2048K, 0 young (0K), 0 survivors (0K)

[error occurred during error reporting (printing heap information), id 0xc0000005, EXCEPTION_ACCESS_VIOLATION (0xc0000005) at pc=0x00007fffad1ada89]

GC Heap History (0 events):
No events

Dll operation events (1 events):
Event: 0.006 Loaded shared library C:\Program Files\Android\Android Studio\jbr\bin\java.dll

Deoptimization events (0 events):
No events

Classes unloaded (0 events):
No events

Classes redefined (0 events):
No events

Internal exceptions (0 events):
No events

VM Operations (0 events):
No events

Events (0 events):
No events


Dynamic libraries:
0x00007ff68dc70000 - 0x00007ff68dc7a000 	C:\Program Files\Android\Android Studio\jbr\bin\java.exe
0x00007ffff8d30000 - 0x00007ffff8f47000 	C:\Windows\SYSTEM32\ntdll.dll
0x00007ffff7750000 - 0x00007ffff7814000 	C:\Windows\System32\KERNEL32.DLL
0x00007ffff6120000 - 0x00007ffff64c5000 	C:\Windows\System32\KERNELBASE.dll
0x00007ffff3410000 - 0x00007ffff34a7000 	C:\Windows\SYSTEM32\apphelp.dll
0x00007ffff6640000 - 0x00007ffff6751000 	C:\Windows\System32\ucrtbase.dll
0x00007fffd5420000 - 0x00007fffd543b000 	C:\Program Files\Android\Android Studio\jbr\bin\VCRUNTIME140.dll
0x00007fffdc220000 - 0x00007fffdc237000 	C:\Program Files\Android\Android Studio\jbr\bin\jli.dll
0x00007ffff8320000 - 0x00007ffff84ce000 	C:\Windows\System32\USER32.dll
0x00007fffe83a0000 - 0x00007fffe8633000 	C:\Windows\WinSxS\amd64_microsoft.windows.common-controls_6595b64144ccf1df_6.0.22621.2506_none_270c5ae97388e100\COMCTL32.dll
0x00007ffff6a50000 - 0x00007ffff6a76000 	C:\Windows\System32\win32u.dll
0x00007ffff7f10000 - 0x00007ffff7fb7000 	C:\Windows\System32\msvcrt.dll
0x00007ffff7ee0000 - 0x00007ffff7f09000 	C:\Windows\System32\GDI32.dll
0x00007ffff6760000 - 0x00007ffff6879000 	C:\Windows\System32\gdi32full.dll
0x00007ffff6880000 - 0x00007ffff691a000 	C:\Windows\System32\msvcp_win.dll
0x00007ffff7620000 - 0x00007ffff7651000 	C:\Windows\System32\IMM32.DLL
0x00007fffdc0b0000 - 0x00007fffdc0bc000 	C:\Program Files\Android\Android Studio\jbr\bin\vcruntime140_1.dll
0x00007fffc5db0000 - 0x00007fffc5e3d000 	C:\Program Files\Android\Android Studio\jbr\bin\msvcp140.dll
0x00007fffacad0000 - 0x00007fffad73e000 	C:\Program Files\Android\Android Studio\jbr\bin\server\jvm.dll
0x00007ffff7dc0000 - 0x00007ffff7e71000 	C:\Windows\System32\ADVAPI32.dll
0x00007ffff86c0000 - 0x00007ffff8766000 	C:\Windows\System32\sechost.dll
0x00007ffff73e0000 - 0x00007ffff74f7000 	C:\Windows\System32\RPCRT4.dll
0x00007fffe9510000 - 0x00007fffe9519000 	C:\Windows\SYSTEM32\WSOCK32.dll
0x00007fffeda20000 - 0x00007fffeda2a000 	C:\Windows\SYSTEM32\VERSION.dll
0x00007fffed010000 - 0x00007fffed044000 	C:\Windows\SYSTEM32\WINMM.dll
0x00007ffff8640000 - 0x00007ffff86b1000 	C:\Windows\System32\WS2_32.dll
0x00007ffff5130000 - 0x00007ffff5148000 	C:\Windows\SYSTEM32\kernel.appcore.dll
0x00007fffe90e0000 - 0x00007fffe90ea000 	C:\Program Files\Android\Android Studio\jbr\bin\jimage.dll
0x00007fffe3b10000 - 0x00007fffe3d43000 	C:\Windows\SYSTEM32\DBGHELP.DLL
0x00007ffff78a0000 - 0x00007ffff7c29000 	C:\Windows\System32\combase.dll
0x00007ffff7cc0000 - 0x00007ffff7d97000 	C:\Windows\System32\OLEAUT32.dll
0x00007fffc4300000 - 0x00007fffc4332000 	C:\Windows\SYSTEM32\dbgcore.DLL
0x00007ffff60a0000 - 0x00007ffff611a000 	C:\Windows\System32\bcryptPrimitives.dll
0x00007fffe8e50000 - 0x00007fffe8e75000 	C:\Program Files\Android\Android Studio\jbr\bin\java.dll

dbghelp: loaded successfully - version: 4.0.5 - missing functions: none
symbol engine: initialized successfully - sym options: 0x614 - pdb path: .;C:\Program Files\Android\Android Studio\jbr\bin;C:\Windows\SYSTEM32;C:\Windows\WinSxS\amd64_microsoft.windows.common-controls_6595b64144ccf1df_6.0.22621.2506_none_270c5ae97388e100;C:\Program Files\Android\Android Studio\jbr\bin\server

VM Arguments:
java_command: org.jetbrains.kotlin.cli.jvm.K2JVMCompiler @C:\Users\STR\Desktop\salida\20231205_4528817371104272176.compiler.options
java_class_path (initial): C:\Users\STR\.gradle\caches\modules-2\files-2.1\org.jetbrains.kotlin\kotlin-compiler-embeddable\1.8.20\78d9baa57f65babf9e0a93e51f62f26f5f35ac3e\kotlin-compiler-embeddable-1.8.20.jar;C:\Users\STR\.gradle\caches\modules-2\files-2.1\org.jetbrains.kotlin\kotlin-stdlib\1.8.20\e72fc5e03ec6c064c678a6bd0d955c88d55b0c4a\kotlin-stdlib-1.8.20.jar;C:\Users\STR\.gradle\caches\modules-2\files-2.1\org.jetbrains.kotlin\kotlin-script-runtime\1.8.20\c850771e723701f9d63dbcf641429c0f29290074\kotlin-script-runtime-1.8.20.jar;C:\Users\STR\.gradle\caches\modules-2\files-2.1\org.jetbrains.kotlin\kotlin-reflect\1.6.10\1cbe9c92c12a94eea200d23c2bbaedaf3daf5132\kotlin-reflect-1.6.10.jar;C:\Users\STR\.gradle\caches\modules-2\files-2.1\org.jetbrains.kotlin\kotlin-daemon-embeddable\1.8.20\c1b808fbe5fee60bd0504a54778120ef40f383d4\kotlin-daemon-embeddable-1.8.20.jar;C:\Users\STR\.gradle\caches\modules-2\files-2.1\org.jetbrains.intellij.deps\trove4j\1.0.20200330\3afb14d5f9ceb459d724e907a21145e8ff394f02\trove4j-1.0.20200330.jar;C:\Users\STR\.gradle\caches\modules-2\files-2.1\net.java.dev.jna\jna\5.6.0\330f2244e9030119ab3030fc3fededc86713d9cc\jna-5.6.0.jar;C:\Users\STR\.gradle\caches\modules-2\files-2.1\org.jetbrains.kotlin\kotlin-stdlib-common\1.8.20\5eddaaf234c8c49d03eebeb6a14feb7f90faca71\kotlin-stdlib-common-1.8.20.jar;C:\Users\STR\.gradle\caches\modules-2\files-2.1\org.jetbrains\annotations\13.0\919f0dfe192fb4e063e7dacadee7f8bb9a2672a9\annotations-13.0.jar
Launcher Type: SUN_STANDARD

[Global flags]
     intx CICompilerCount                          = 4                                         {product} {ergonomic}
     uint ConcGCThreads                            = 3                                         {product} {ergonomic}
     uint G1ConcRefinementThreads                  = 10                                        {product} {ergonomic}
   size_t G1HeapRegionSize                         = 2097152                                   {product} {ergonomic}
    uintx GCDrainStackTargetSize                   = 64                                        {product} {ergonomic}
   size_t InitialHeapSize                          = 266338304                                 {product} {ergonomic}
   size_t MarkStackSize                            = 4194304                                   {product} {ergonomic}
   size_t MaxHeapSize                              = 4261412864                                {product} {ergonomic}
   size_t MinHeapDeltaBytes                        = 2097152                                   {product} {ergonomic}
   size_t MinHeapSize                              = 8388608                                   {product} {ergonomic}
    uintx NonNMethodCodeHeapSize                   = 5839372                                {pd product} {ergonomic}
    uintx NonProfiledCodeHeapSize                  = 122909434                              {pd product} {ergonomic}
    uintx ProfiledCodeHeapSize                     = 122909434                              {pd product} {ergonomic}
    uintx ReservedCodeCacheSize                    = 251658240                              {pd product} {ergonomic}
     bool SegmentedCodeCache                       = true                                      {product} {ergonomic}
   size_t SoftMaxHeapSize                          = 4261412864                             {manageable} {ergonomic}
     bool UseCompressedClassPointers               = true                           {product lp64_product} {ergonomic}
     bool UseCompressedOops                        = true                           {product lp64_product} {ergonomic}
     bool UseG1GC                                  = true                                      {product} {ergonomic}
     bool UseLargePagesIndividualAllocation        = false                                  {pd product} {ergonomic}

Logging:
Log output configuration:
 #0: stdout all=warning uptime,level,tags
 #1: stderr all=off uptime,level,tags

Environment Variables:
PATH=C:\Windows\system32;C:\Windows;C:\Windows\System32\Wbem;C:\Windows\System32\WindowsPowerShell\v1.0\;C:\Windows\System32\OpenSSH\;C:\ffmpeg\bin;;C:\Program Files (x86)\NVIDIA Corporation\PhysX\Common;C:\Users\STR\AppData\Local\Programs\Python\Launcher\;C:\Users\STR\AppData\Local\Microsoft\WindowsApps;C:\Users\STR\AppData\Local\spicetify
USERNAME=STR
OS=Windows_NT
PROCESSOR_IDENTIFIER=Intel64 Family 6 Model 167 Stepping 1, GenuineIntel
TMP=C:\Users\STR\AppData\Local\Temp
TEMP=C:\Users\STR\AppData\Local\Temp


JNI global refs:

[error occurred during error reporting (JNI global references), id 0xc0000005, EXCEPTION_ACCESS_VIOLATION (0xc0000005) at pc=0x00007fffacb87a10]


---------------  S Y S T E M  ---------------

OS:
 Windows 11 , 64 bit Build 22621 (10.0.22621.2506)
OS uptime: 0 days 18:25 hours

CPU: total 12 (initial active 12) (6 cores per cpu, 2 threads per core) family 6 model 167 stepping 1 microcode 0x58, cx8, cmov, fxsr, ht, mmx, 3dnowpref, sse, sse2, sse3, ssse3, sse4.1, sse4.2, popcnt, lzcnt, tsc, tscinvbit, avx, avx2, aes, erms, clmul, bmi1, bmi2, adx, avx512f, avx512dq, avx512cd, avx512bw, avx512vl, sha, fma, vzeroupper, avx512_vpopcntdq, avx512_vpclmulqdq, avx512_vaes, avx512_vnni, clflush, clflushopt, avx512_vbmi2, avx512_vbmi

Memory: 4k page, system-wide physical 16251M (2252M free)
TotalPageFile size 20216M (AvailPageFile size 181M)
current process WorkingSet (physical memory assigned to process): 11M, peak: 11M
current process commit charge ("private bytes"): 64M, peak: 318M

vm_info: OpenJDK 64-Bit Server VM (17.0.6+0-b2043.56-10027231) for windows-amd64 JRE (17.0.6+0-b2043.56-10027231), built on Apr 28 2023 00:43:19 by "androidbuild" with MS VC++ 16.10 / 16.11 (VS2019)

END.
