#
# There is insufficient memory for the Java Runtime Environment to continue.
# Native memory allocation (mmap) failed to map 266338304 bytes for G1 virtual space
# Possible reasons:
#   The system is out of physical RAM or swap space
#   The process is running with CompressedOops enabled, and the Java Heap may be blocking the growth of the native heap
# Possible solutions:
#   Reduce memory load on the system
#   Increase physical memory or swap space
#   Check if swap backing store is full
#   Decrease Java heap size (-Xmx/-Xms)
#   Decrease number of Java threads
#   Decrease Java thread stack sizes (-Xss)
#   Set larger code cache with -XX:ReservedCodeCacheSize=
#   JVM is running with Zero Based Compressed Oops mode in which the Java heap is
#     placed in the first 32GB address space. The Java Heap base address is the
#     maximum limit for the native heap growth. Please use -XX:HeapBaseMinAddress
#     to set the Java Heap base and to place the Java Heap above 32GB virtual address.
# This output file may be truncated or incomplete.
#
#  Out of Memory Error (os_windows.cpp:3769), pid=20540, tid=20868
#
# JRE version:  (17.0.6) (build )
# Java VM: OpenJDK 64-Bit Server VM (17.0.6+0-b2043.56-10027231, mixed mode, sharing, tiered, compressed oops, compressed class ptrs, g1 gc, windows-amd64)
# No core dump will be written. Minidumps are not enabled by default on client versions of Windows
#

---------------  S U M M A R Y ------------

Command Line: org.jetbrains.kotlin.cli.jvm.K2JVMCompiler @C:\Users\STR\Desktop\salida\20231205_276765984638297782.compiler.options

Host: 11th Gen Intel(R) Core(TM) i5-11400F @ 2.60GHz, 12 cores, 15G,  Windows 11 , 64 bit Build 22621 (10.0.22621.2506)
Time: Tue Dec  5 00:41:41 2023 Pacific SA Daylight Time elapsed time: 0.006050 seconds (0d 0h 0m 0s)

---------------  T H R E A D  ---------------

Current thread (0x000002301b7e3360):  JavaThread "Unknown thread" [_thread_in_vm, id=20868, stack(0x000000acb1100000,0x000000acb1200000)]

Stack: [0x000000acb1100000,0x000000acb1200000]
Native frames: (J=compiled Java code, j=interpreted, Vv=VM code, C=native code)
V  [jvm.dll+0x683c9a]
V  [jvm.dll+0x8427a4]
V  [jvm.dll+0x843f9e]
V  [jvm.dll+0x844603]
V  [jvm.dll+0x249b75]
V  [jvm.dll+0x680b69]
V  [jvm.dll+0x67505a]
V  [jvm.dll+0x309acb]
V  [jvm.dll+0x310f86]
V  [jvm.dll+0x3608ee]
V  [jvm.dll+0x360b1f]
V  [jvm.dll+0x2dfbf8]
V  [jvm.dll+0x2e0b64]
V  [jvm.dll+0x814091]
V  [jvm.dll+0x36e6a1]
V  [jvm.dll+0x7f35cc]
V  [jvm.dll+0x3f0e8f]
V  [jvm.dll+0x3f29d1]
C  [jli.dll+0x526b]
C  [ucrtbase.dll+0x29363]
C  [KERNEL32.DLL+0x1257d]
C  [ntdll.dll+0x5aa58]


---------------  P R O C E S S  ---------------

Threads class SMR info:
_java_thread_list=0x00007ffebdcfc058, length=0, elements={
}

Java Threads: ( => current thread )

Other Threads:
  0x000002301b84f820 GCTaskThread "GC Thread#0" [stack: 0x000000acb1200000,0x000000acb1300000] [id=15860]
  0x000002301b860470 ConcurrentGCThread "G1 Main Marker" [stack: 0x000000acb1300000,0x000000acb1400000] [id=14904]
  0x000002301b861530 ConcurrentGCThread "G1 Conc#0" [stack: 0x000000acb1400000,0x000000acb1500000] [id=18848]

[error occurred during error reporting (printing all threads), id 0xc0000005, EXCEPTION_ACCESS_VIOLATION (0xc0000005) at pc=0x00007ffebd4b0797]

VM state: not at safepoint (not fully initialized)

VM Mutex/Monitor currently owned by a thread:  ([mutex/lock_event])
[0x000002301b7de570] Heap_lock - owner thread: 0x000002301b7e3360

Heap address: 0x0000000702000000, size: 4064 MB, Compressed Oops mode: Zero based, Oop shift amount: 3

CDS archive(s) mapped at: [0x0000000000000000-0x0000000000000000-0x0000000000000000), size 0, SharedBaseAddress: 0x0000000800000000, ArchiveRelocationMode: 0.
Narrow klass base: 0x0000000000000000, Narrow klass shift: 0, Narrow klass range: 0x0

GC Precious Log:
<Empty>

Heap:
 garbage-first heap   total 0K, used 0K [0x0000000702000000, 0x0000000800000000)
  region size 2048K, 0 young (0K), 0 survivors (0K)

[error occurred during error reporting (printing heap information), id 0xc0000005, EXCEPTION_ACCESS_VIOLATION (0xc0000005) at pc=0x00007ffebd89da89]

GC Heap History (0 events):
No events

Dll operation events (1 events):
Event: 0.004 Loaded shared library C:\Program Files\Android\Android Studio\jbr\bin\java.dll

Deoptimization events (0 events):
No events

Classes unloaded (0 events):
No events

Classes redefined (0 events):
No events

Internal exceptions (0 events):
No events

VM Operations (0 events):
No events

Events (0 events):
No events


Dynamic libraries:
0x00007ff67fcc0000 - 0x00007ff67fcca000 	C:\Program Files\Android\Android Studio\jbr\bin\java.exe
0x00007fff201f0000 - 0x00007fff20407000 	C:\Windows\SYSTEM32\ntdll.dll
0x00007fff1edb0000 - 0x00007fff1ee74000 	C:\Windows\System32\KERNEL32.DLL
0x00007fff1d9a0000 - 0x00007fff1dd45000 	C:\Windows\System32\KERNELBASE.dll
0x00007fff1a8d0000 - 0x00007fff1a967000 	C:\Windows\SYSTEM32\apphelp.dll
0x00007fff1d560000 - 0x00007fff1d671000 	C:\Windows\System32\ucrtbase.dll
0x00007ffef8990000 - 0x00007ffef89ab000 	C:\Program Files\Android\Android Studio\jbr\bin\VCRUNTIME140.dll
0x00007ffefd400000 - 0x00007ffefd417000 	C:\Program Files\Android\Android Studio\jbr\bin\jli.dll
0x00007fff1ec00000 - 0x00007fff1edae000 	C:\Windows\System32\USER32.dll
0x00007fff1df10000 - 0x00007fff1df36000 	C:\Windows\System32\win32u.dll
0x00007fff0ffc0000 - 0x00007fff10253000 	C:\Windows\WinSxS\amd64_microsoft.windows.common-controls_6595b64144ccf1df_6.0.22621.2506_none_270c5ae97388e100\COMCTL32.dll
0x00007fff1df40000 - 0x00007fff1df69000 	C:\Windows\System32\GDI32.dll
0x00007fff1eb50000 - 0x00007fff1ebf7000 	C:\Windows\System32\msvcrt.dll
0x00007fff1ddf0000 - 0x00007fff1df09000 	C:\Windows\System32\gdi32full.dll
0x00007fff1dd50000 - 0x00007fff1ddea000 	C:\Windows\System32\msvcp_win.dll
0x00007fff1f740000 - 0x00007fff1f771000 	C:\Windows\System32\IMM32.DLL
0x00007fff033e0000 - 0x00007fff033ec000 	C:\Program Files\Android\Android Studio\jbr\bin\vcruntime140_1.dll
0x00007ffee8420000 - 0x00007ffee84ad000 	C:\Program Files\Android\Android Studio\jbr\bin\msvcp140.dll
0x00007ffebd1c0000 - 0x00007ffebde2e000 	C:\Program Files\Android\Android Studio\jbr\bin\server\jvm.dll
0x00007fff1e5b0000 - 0x00007fff1e661000 	C:\Windows\System32\ADVAPI32.dll
0x00007fff1f780000 - 0x00007fff1f826000 	C:\Windows\System32\sechost.dll
0x00007fff20090000 - 0x00007fff201a7000 	C:\Windows\System32\RPCRT4.dll
0x00007fff0c990000 - 0x00007fff0c9c4000 	C:\Windows\SYSTEM32\WINMM.dll
0x00007fff154d0000 - 0x00007fff154da000 	C:\Windows\SYSTEM32\VERSION.dll
0x00007fff10360000 - 0x00007fff10369000 	C:\Windows\SYSTEM32\WSOCK32.dll
0x00007fff1df70000 - 0x00007fff1dfe1000 	C:\Windows\System32\WS2_32.dll
0x00007fff1c5f0000 - 0x00007fff1c608000 	C:\Windows\SYSTEM32\kernel.appcore.dll
0x00007fff0f6d0000 - 0x00007fff0f6da000 	C:\Program Files\Android\Android Studio\jbr\bin\jimage.dll
0x00007fff0b000000 - 0x00007fff0b233000 	C:\Windows\SYSTEM32\DBGHELP.DLL
0x00007fff1dff0000 - 0x00007fff1e379000 	C:\Windows\System32\combase.dll
0x00007fff1ee80000 - 0x00007fff1ef57000 	C:\Windows\System32\OLEAUT32.dll
0x00007ffeeb8b0000 - 0x00007ffeeb8e2000 	C:\Windows\SYSTEM32\dbgcore.DLL
0x00007fff1d680000 - 0x00007fff1d6fa000 	C:\Windows\System32\bcryptPrimitives.dll
0x00007fff04e70000 - 0x00007fff04e95000 	C:\Program Files\Android\Android Studio\jbr\bin\java.dll

dbghelp: loaded successfully - version: 4.0.5 - missing functions: none
symbol engine: initialized successfully - sym options: 0x614 - pdb path: .;C:\Program Files\Android\Android Studio\jbr\bin;C:\Windows\SYSTEM32;C:\Windows\WinSxS\amd64_microsoft.windows.common-controls_6595b64144ccf1df_6.0.22621.2506_none_270c5ae97388e100;C:\Program Files\Android\Android Studio\jbr\bin\server

VM Arguments:
java_command: org.jetbrains.kotlin.cli.jvm.K2JVMCompiler @C:\Users\STR\Desktop\salida\20231205_276765984638297782.compiler.options
java_class_path (initial): C:\Users\STR\.gradle\caches\modules-2\files-2.1\org.jetbrains.kotlin\kotlin-compiler-embeddable\1.8.20\78d9baa57f65babf9e0a93e51f62f26f5f35ac3e\kotlin-compiler-embeddable-1.8.20.jar;C:\Users\STR\.gradle\caches\modules-2\files-2.1\org.jetbrains.kotlin\kotlin-stdlib\1.8.20\e72fc5e03ec6c064c678a6bd0d955c88d55b0c4a\kotlin-stdlib-1.8.20.jar;C:\Users\STR\.gradle\caches\modules-2\files-2.1\org.jetbrains.kotlin\kotlin-script-runtime\1.8.20\c850771e723701f9d63dbcf641429c0f29290074\kotlin-script-runtime-1.8.20.jar;C:\Users\STR\.gradle\caches\modules-2\files-2.1\org.jetbrains.kotlin\kotlin-reflect\1.6.10\1cbe9c92c12a94eea200d23c2bbaedaf3daf5132\kotlin-reflect-1.6.10.jar;C:\Users\STR\.gradle\caches\modules-2\files-2.1\org.jetbrains.kotlin\kotlin-daemon-embeddable\1.8.20\c1b808fbe5fee60bd0504a54778120ef40f383d4\kotlin-daemon-embeddable-1.8.20.jar;C:\Users\STR\.gradle\caches\modules-2\files-2.1\org.jetbrains.intellij.deps\trove4j\1.0.20200330\3afb14d5f9ceb459d724e907a21145e8ff394f02\trove4j-1.0.20200330.jar;C:\Users\STR\.gradle\caches\modules-2\files-2.1\net.java.dev.jna\jna\5.6.0\330f2244e9030119ab3030fc3fededc86713d9cc\jna-5.6.0.jar;C:\Users\STR\.gradle\caches\modules-2\files-2.1\org.jetbrains.kotlin\kotlin-stdlib-common\1.8.20\5eddaaf234c8c49d03eebeb6a14feb7f90faca71\kotlin-stdlib-common-1.8.20.jar;C:\Users\STR\.gradle\caches\modules-2\files-2.1\org.jetbrains\annotations\13.0\919f0dfe192fb4e063e7dacadee7f8bb9a2672a9\annotations-13.0.jar
Launcher Type: SUN_STANDARD

[Global flags]
     intx CICompilerCount                          = 4                                         {product} {ergonomic}
     uint ConcGCThreads                            = 3                                         {product} {ergonomic}
     uint G1ConcRefinementThreads                  = 10                                        {product} {ergonomic}
   size_t G1HeapRegionSize                         = 2097152                                   {product} {ergonomic}
    uintx GCDrainStackTargetSize                   = 64                                        {product} {ergonomic}
   size_t InitialHeapSize                          = 266338304                                 {product} {ergonomic}
   size_t MarkStackSize                            = 4194304                                   {product} {ergonomic}
   size_t MaxHeapSize                              = 4261412864                                {product} {ergonomic}
   size_t MinHeapDeltaBytes                        = 2097152                                   {product} {ergonomic}
   size_t MinHeapSize                              = 8388608                                   {product} {ergonomic}
    uintx NonNMethodCodeHeapSize                   = 5839372                                {pd product} {ergonomic}
    uintx NonProfiledCodeHeapSize                  = 122909434                              {pd product} {ergonomic}
    uintx ProfiledCodeHeapSize                     = 122909434                              {pd product} {ergonomic}
    uintx ReservedCodeCacheSize                    = 251658240                              {pd product} {ergonomic}
     bool SegmentedCodeCache                       = true                                      {product} {ergonomic}
   size_t SoftMaxHeapSize                          = 4261412864                             {manageable} {ergonomic}
     bool UseCompressedClassPointers               = true                           {product lp64_product} {ergonomic}
     bool UseCompressedOops                        = true                           {product lp64_product} {ergonomic}
     bool UseG1GC                                  = true                                      {product} {ergonomic}
     bool UseLargePagesIndividualAllocation        = false                                  {pd product} {ergonomic}

Logging:
Log output configuration:
 #0: stdout all=warning uptime,level,tags
 #1: stderr all=off uptime,level,tags

Environment Variables:
PATH=C:\Windows\system32;C:\Windows;C:\Windows\System32\Wbem;C:\Windows\System32\WindowsPowerShell\v1.0\;C:\Windows\System32\OpenSSH\;C:\ffmpeg\bin;;C:\Program Files (x86)\NVIDIA Corporation\PhysX\Common;C:\Users\STR\AppData\Local\Programs\Python\Launcher\;C:\Users\STR\AppData\Local\Microsoft\WindowsApps;C:\Users\STR\AppData\Local\spicetify
USERNAME=STR
OS=Windows_NT
PROCESSOR_IDENTIFIER=Intel64 Family 6 Model 167 Stepping 1, GenuineIntel
TMP=C:\Users\STR\AppData\Local\Temp
TEMP=C:\Users\STR\AppData\Local\Temp


JNI global refs:

[error occurred during error reporting (JNI global references), id 0xc0000005, EXCEPTION_ACCESS_VIOLATION (0xc0000005) at pc=0x00007ffebd277a10]


---------------  S Y S T E M  ---------------

OS:
 Windows 11 , 64 bit Build 22621 (10.0.22621.2506)
OS uptime: 1 days 22:11 hours

CPU: total 12 (initial active 12) (6 cores per cpu, 2 threads per core) family 6 model 167 stepping 1 microcode 0x58, cx8, cmov, fxsr, ht, mmx, 3dnowpref, sse, sse2, sse3, ssse3, sse4.1, sse4.2, popcnt, lzcnt, tsc, tscinvbit, avx, avx2, aes, erms, clmul, bmi1, bmi2, adx, avx512f, avx512dq, avx512cd, avx512bw, avx512vl, sha, fma, vzeroupper, avx512_vpopcntdq, avx512_vpclmulqdq, avx512_vaes, avx512_vnni, clflush, clflushopt, avx512_vbmi2, avx512_vbmi

Memory: 4k page, system-wide physical 16251M (5051M free)
TotalPageFile size 20251M (AvailPageFile size 133M)
current process WorkingSet (physical memory assigned to process): 11M, peak: 11M
current process commit charge ("private bytes"): 64M, peak: 318M

vm_info: OpenJDK 64-Bit Server VM (17.0.6+0-b2043.56-10027231) for windows-amd64 JRE (17.0.6+0-b2043.56-10027231), built on Apr 28 2023 00:43:19 by "androidbuild" with MS VC++ 16.10 / 16.11 (VS2019)

END.
